INFO - 2025-08-31 02:49:00 --> Session: Class initialized using 'CodeIgniter\Session\Handlers\FileHandler' driver.
INFO - 2025-08-31 02:50:06 --> Session: Class initialized using 'CodeIgniter\Session\Handlers\FileHandler' driver.
INFO - 2025-08-31 02:57:07 --> Session: Class initialized using 'CodeIgniter\Session\Handlers\FileHandler' driver.
INFO - 2025-08-31 02:58:19 --> Session: Class initialized using 'CodeIgniter\Session\Handlers\FileHandler' driver.
INFO - 2025-08-31 02:59:01 --> Session: Class initialized using 'CodeIgniter\Session\Handlers\FileHandler' driver.
INFO - 2025-08-31 02:59:02 --> Session: Class initialized using 'CodeIgniter\Session\Handlers\FileHandler' driver.
INFO - 2025-08-31 02:59:16 --> Session: Class initialized using 'CodeIgniter\Session\Handlers\FileHandler' driver.
INFO - 2025-08-31 02:59:16 --> Session: Class initialized using 'CodeIgniter\Session\Handlers\FileHandler' driver.
INFO - 2025-08-31 02:59:40 --> Session: Class initialized using 'CodeIgniter\Session\Handlers\FileHandler' driver.
INFO - 2025-08-31 02:59:49 --> Session: Class initialized using 'CodeIgniter\Session\Handlers\FileHandler' driver.
INFO - 2025-08-31 02:59:58 --> Session: Class initialized using 'CodeIgniter\Session\Handlers\FileHandler' driver.
INFO - 2025-08-31 03:00:26 --> Session: Class initialized using 'CodeIgniter\Session\Handlers\FileHandler' driver.
INFO - 2025-08-31 03:00:37 --> Session: Class initialized using 'CodeIgniter\Session\Handlers\FileHandler' driver.
INFO - 2025-08-31 03:00:48 --> Session: Class initialized using 'CodeIgniter\Session\Handlers\FileHandler' driver.
INFO - 2025-08-31 03:01:17 --> Session: Class initialized using 'CodeIgniter\Session\Handlers\FileHandler' driver.
INFO - 2025-08-31 03:01:25 --> Session: Class initialized using 'CodeIgniter\Session\Handlers\FileHandler' driver.
INFO - 2025-08-31 03:01:25 --> Session: Class initialized using 'CodeIgniter\Session\Handlers\FileHandler' driver.
INFO - 2025-08-31 03:01:33 --> Session: Class initialized using 'CodeIgniter\Session\Handlers\FileHandler' driver.
INFO - 2025-08-31 03:02:55 --> Session: Class initialized using 'CodeIgniter\Session\Handlers\FileHandler' driver.
INFO - 2025-08-31 03:03:13 --> Session: Class initialized using 'CodeIgniter\Session\Handlers\FileHandler' driver.
INFO - 2025-08-31 03:11:17 --> Session: Class initialized using 'CodeIgniter\Session\Handlers\FileHandler' driver.
INFO - 2025-08-31 03:11:19 --> Session: Class initialized using 'CodeIgniter\Session\Handlers\FileHandler' driver.
INFO - 2025-08-31 03:11:51 --> Session: Class initialized using 'CodeIgniter\Session\Handlers\FileHandler' driver.
INFO - 2025-08-31 03:17:36 --> Session: Class initialized using 'CodeIgniter\Session\Handlers\FileHandler' driver.
CRITICAL - 2025-08-31 03:20:20 --> ErrorException: Undefined array key "teamId"
in APPPATH\Views\public\index.php on line 190.
 1 APPPATH\Views\public\index.php(190): CodeIgniter\Debug\Exceptions->errorHandler(2, 'Undefined array key "teamId"', 'C:\\Users\\PYTHAGORAS\\Desktop\\codeigniter projects\\HOSTED APPS\\kt-n\\app\\Views\\public\\index.php', 190)
 2 SYSTEMPATH\View\View.php(228): include('C:\\Users\\PYTHAGORAS\\Desktop\\codeigniter projects\\HOSTED APPS\\kt-n\\app\\Views\\public\\index.php')
 3 SYSTEMPATH\View\View.php(231): CodeIgniter\View\View->CodeIgniter\View\{closure}()
 4 SYSTEMPATH\Common.php(1178): CodeIgniter\View\View->render('public/index', [], true)
 5 APPPATH\Controllers\Home.php(38): view('public/index', [...])
 6 SYSTEMPATH\CodeIgniter.php(941): App\Controllers\Home->index()
 7 SYSTEMPATH\CodeIgniter.php(502): CodeIgniter\CodeIgniter->runController(Object(App\Controllers\Home))
 8 SYSTEMPATH\CodeIgniter.php(361): CodeIgniter\CodeIgniter->handleRequest(null, Object(Config\Cache), false)
 9 FCPATH\index.php(79): CodeIgniter\CodeIgniter->run()
10 SYSTEMPATH\Commands\Server\rewrite.php(47): require_once('C:\\Users\\PYTHAGORAS\\Desktop\\codeigniter projects\\HOSTED APPS\\kt-n\\public\\index.php')
CRITICAL - 2025-08-31 03:22:02 --> ErrorException: Undefined array key "member"
in APPPATH\Views\public\index.php on line 190.
 1 APPPATH\Views\public\index.php(190): CodeIgniter\Debug\Exceptions->errorHandler(2, 'Undefined array key "member"', 'C:\\Users\\PYTHAGORAS\\Desktop\\codeigniter projects\\HOSTED APPS\\kt-n\\app\\Views\\public\\index.php', 190)
 2 SYSTEMPATH\View\View.php(228): include('C:\\Users\\PYTHAGORAS\\Desktop\\codeigniter projects\\HOSTED APPS\\kt-n\\app\\Views\\public\\index.php')
 3 SYSTEMPATH\View\View.php(231): CodeIgniter\View\View->CodeIgniter\View\{closure}()
 4 SYSTEMPATH\Common.php(1178): CodeIgniter\View\View->render('public/index', [], true)
 5 APPPATH\Controllers\Home.php(38): view('public/index', [...])
 6 SYSTEMPATH\CodeIgniter.php(941): App\Controllers\Home->index()
 7 SYSTEMPATH\CodeIgniter.php(502): CodeIgniter\CodeIgniter->runController(Object(App\Controllers\Home))
 8 SYSTEMPATH\CodeIgniter.php(361): CodeIgniter\CodeIgniter->handleRequest(null, Object(Config\Cache), false)
 9 FCPATH\index.php(79): CodeIgniter\CodeIgniter->run()
10 SYSTEMPATH\Commands\Server\rewrite.php(47): require_once('C:\\Users\\PYTHAGORAS\\Desktop\\codeigniter projects\\HOSTED APPS\\kt-n\\public\\index.php')
CRITICAL - 2025-08-31 03:22:05 --> ErrorException: Undefined array key "member"
in APPPATH\Views\public\index.php on line 190.
 1 APPPATH\Views\public\index.php(190): CodeIgniter\Debug\Exceptions->errorHandler(2, 'Undefined array key "member"', 'C:\\Users\\PYTHAGORAS\\Desktop\\codeigniter projects\\HOSTED APPS\\kt-n\\app\\Views\\public\\index.php', 190)
 2 SYSTEMPATH\View\View.php(228): include('C:\\Users\\PYTHAGORAS\\Desktop\\codeigniter projects\\HOSTED APPS\\kt-n\\app\\Views\\public\\index.php')
 3 SYSTEMPATH\View\View.php(231): CodeIgniter\View\View->CodeIgniter\View\{closure}()
 4 SYSTEMPATH\Common.php(1178): CodeIgniter\View\View->render('public/index', [], true)
 5 APPPATH\Controllers\Home.php(38): view('public/index', [...])
 6 SYSTEMPATH\CodeIgniter.php(941): App\Controllers\Home->index()
 7 SYSTEMPATH\CodeIgniter.php(502): CodeIgniter\CodeIgniter->runController(Object(App\Controllers\Home))
 8 SYSTEMPATH\CodeIgniter.php(361): CodeIgniter\CodeIgniter->handleRequest(null, Object(Config\Cache), false)
 9 FCPATH\index.php(79): CodeIgniter\CodeIgniter->run()
10 SYSTEMPATH\Commands\Server\rewrite.php(47): require_once('C:\\Users\\PYTHAGORAS\\Desktop\\codeigniter projects\\HOSTED APPS\\kt-n\\public\\index.php')
INFO - 2025-08-31 03:22:18 --> Session: Class initialized using 'CodeIgniter\Session\Handlers\FileHandler' driver.
INFO - 2025-08-31 03:23:31 --> Session: Class initialized using 'CodeIgniter\Session\Handlers\FileHandler' driver.
INFO - 2025-08-31 03:24:24 --> Session: Class initialized using 'CodeIgniter\Session\Handlers\FileHandler' driver.
INFO - 2025-08-31 03:26:46 --> Session: Class initialized using 'CodeIgniter\Session\Handlers\FileHandler' driver.
INFO - 2025-08-31 03:29:13 --> Session: Class initialized using 'CodeIgniter\Session\Handlers\FileHandler' driver.
INFO - 2025-08-31 03:29:51 --> Session: Class initialized using 'CodeIgniter\Session\Handlers\FileHandler' driver.
INFO - 2025-08-31 03:30:25 --> Session: Class initialized using 'CodeIgniter\Session\Handlers\FileHandler' driver.
INFO - 2025-08-31 03:30:43 --> Session: Class initialized using 'CodeIgniter\Session\Handlers\FileHandler' driver.
INFO - 2025-08-31 03:32:28 --> Session: Class initialized using 'CodeIgniter\Session\Handlers\FileHandler' driver.
INFO - 2025-08-31 03:33:26 --> Session: Class initialized using 'CodeIgniter\Session\Handlers\FileHandler' driver.
INFO - 2025-08-31 03:33:33 --> Session: Class initialized using 'CodeIgniter\Session\Handlers\FileHandler' driver.
INFO - 2025-08-31 03:37:02 --> Session: Class initialized using 'CodeIgniter\Session\Handlers\FileHandler' driver.
CRITICAL - 2025-08-31 03:37:02 --> ErrorException: Undefined variable $team
in APPPATH\Views\dashboard\team.php on line 68.
 1 APPPATH\Views\dashboard\team.php(68): CodeIgniter\Debug\Exceptions->errorHandler(2, 'Undefined variable $team', 'C:\\Users\\PYTHAGORAS\\Desktop\\codeigniter projects\\HOSTED APPS\\kt-n\\app\\Views\\dashboard\\team.php', 68)
 2 SYSTEMPATH\View\View.php(228): include('C:\\Users\\PYTHAGORAS\\Desktop\\codeigniter projects\\HOSTED APPS\\kt-n\\app\\Views\\dashboard\\team.php')
 3 SYSTEMPATH\View\View.php(231): CodeIgniter\View\View->CodeIgniter\View\{closure}()
 4 SYSTEMPATH\Common.php(1178): CodeIgniter\View\View->render('dashboard/team', [], true)
 5 APPPATH\Controllers\TeamMemberController.php(76): view('dashboard/team', [...])
 6 SYSTEMPATH\CodeIgniter.php(941): App\Controllers\TeamMemberController->index()
 7 SYSTEMPATH\CodeIgniter.php(502): CodeIgniter\CodeIgniter->runController(Object(App\Controllers\TeamMemberController))
 8 SYSTEMPATH\CodeIgniter.php(361): CodeIgniter\CodeIgniter->handleRequest(null, Object(Config\Cache), false)
 9 FCPATH\index.php(79): CodeIgniter\CodeIgniter->run()
10 SYSTEMPATH\Commands\Server\rewrite.php(47): require_once('C:\\Users\\PYTHAGORAS\\Desktop\\codeigniter projects\\HOSTED APPS\\kt-n\\public\\index.php')
INFO - 2025-08-31 03:37:17 --> Session: Class initialized using 'CodeIgniter\Session\Handlers\FileHandler' driver.
INFO - 2025-08-31 03:37:45 --> Session: Class initialized using 'CodeIgniter\Session\Handlers\FileHandler' driver.
INFO - 2025-08-31 03:38:10 --> Session: Class initialized using 'CodeIgniter\Session\Handlers\FileHandler' driver.
