INFO - 2024-03-30 01:09:46 --> Session: Class initialized using 'CodeIgniter\Session\Handlers\FileHandler' driver.
INFO - 2024-03-30 01:09:46 --> Session: Class initialized using 'CodeIgniter\Session\Handlers\FileHandler' driver.
INFO - 2024-03-30 01:10:05 --> Session: Class initialized using 'CodeIgniter\Session\Handlers\FileHandler' driver.
INFO - 2024-03-30 01:10:06 --> Session: Class initialized using 'CodeIgniter\Session\Handlers\FileHandler' driver.
INFO - 2024-03-30 01:10:19 --> Session: Class initialized using 'CodeIgniter\Session\Handlers\FileHandler' driver.
INFO - 2024-03-30 01:10:20 --> Session: Class initialized using 'CodeIgniter\Session\Handlers\FileHandler' driver.
INFO - 2024-03-30 01:10:48 --> Session: Class initialized using 'CodeIgniter\Session\Handlers\FileHandler' driver.
INFO - 2024-03-30 01:11:01 --> Session: Class initialized using 'CodeIgniter\Session\Handlers\FileHandler' driver.
INFO - 2024-03-30 01:11:12 --> Session: Class initialized using 'CodeIgniter\Session\Handlers\FileHandler' driver.
INFO - 2024-03-30 01:11:35 --> Session: Class initialized using 'CodeIgniter\Session\Handlers\FileHandler' driver.
INFO - 2024-03-30 01:11:49 --> Session: Class initialized using 'CodeIgniter\Session\Handlers\FileHandler' driver.
INFO - 2024-03-30 01:11:50 --> Session: Class initialized using 'CodeIgniter\Session\Handlers\FileHandler' driver.
INFO - 2024-03-30 01:11:57 --> Session: Class initialized using 'CodeIgniter\Session\Handlers\FileHandler' driver.
INFO - 2024-03-30 01:11:58 --> Session: Class initialized using 'CodeIgniter\Session\Handlers\FileHandler' driver.
INFO - 2024-03-30 09:52:44 --> Session: Class initialized using 'CodeIgniter\Session\Handlers\FileHandler' driver.
INFO - 2024-03-30 09:52:45 --> Session: Class initialized using 'CodeIgniter\Session\Handlers\FileHandler' driver.
ERROR - 2024-03-30 09:53:28 --> Error connecting to the database: mysqli_sql_exception: No connection could be made because the target machine actively refused it in C:\Users\User\Desktop\codeigniterprojects\aiist-dot-net\system\Database\MySQLi\Connection.php:185
Stack trace:
#0 C:\Users\User\Desktop\codeigniterprojects\aiist-dot-net\system\Database\MySQLi\Connection.php(185): mysqli->real_connect('localhost', 'root', '', 'aiistdb', 3306, '', 0)
#1 C:\Users\User\Desktop\codeigniterprojects\aiist-dot-net\system\Database\BaseConnection.php(392): CodeIgniter\Database\MySQLi\Connection->connect(false)
#2 C:\Users\User\Desktop\codeigniterprojects\aiist-dot-net\system\Database\BaseConnection.php(575): CodeIgniter\Database\BaseConnection->initialize()
#3 C:\Users\User\Desktop\codeigniterprojects\aiist-dot-net\system\Database\BaseBuilder.php(1700): CodeIgniter\Database\BaseConnection->query('SELECT COUNT(*)...', Array, false)
#4 C:\Users\User\Desktop\codeigniterprojects\aiist-dot-net\system\Model.php(624): CodeIgniter\Database\BaseBuilder->countAllResults(false)
#5 C:\Users\User\Desktop\codeigniterprojects\aiist-dot-net\system\BaseModel.php(1239): CodeIgniter\Model->countAllResults(false)
#6 C:\Users\User\Desktop\codeigniterprojects\aiist-dot-net\app\Controllers\PublicController.php(33): CodeIgniter\BaseModel->paginate(10)
#7 C:\Users\User\Desktop\codeigniterprojects\aiist-dot-net\system\CodeIgniter.php(941): App\Controllers\PublicController->index()
#8 C:\Users\User\Desktop\codeigniterprojects\aiist-dot-net\system\CodeIgniter.php(502): CodeIgniter\CodeIgniter->runController(Object(App\Controllers\PublicController))
#9 C:\Users\User\Desktop\codeigniterprojects\aiist-dot-net\system\CodeIgniter.php(361): CodeIgniter\CodeIgniter->handleRequest(NULL, Object(Config\Cache), false)
#10 C:\Users\User\Desktop\codeigniterprojects\aiist-dot-net\public\index.php(79): CodeIgniter\CodeIgniter->run()
#11 C:\Users\User\Desktop\codeigniterprojects\aiist-dot-net\system\Commands\Server\rewrite.php(47): require_once('C:\\Users\\User\\D...')
#12 {main}

Next CodeIgniter\Database\Exceptions\DatabaseException: No connection could be made because the target machine actively refused it in C:\Users\User\Desktop\codeigniterprojects\aiist-dot-net\system\Database\MySQLi\Connection.php:229
Stack trace:
#0 C:\Users\User\Desktop\codeigniterprojects\aiist-dot-net\system\Database\BaseConnection.php(392): CodeIgniter\Database\MySQLi\Connection->connect(false)
#1 C:\Users\User\Desktop\codeigniterprojects\aiist-dot-net\system\Database\BaseConnection.php(575): CodeIgniter\Database\BaseConnection->initialize()
#2 C:\Users\User\Desktop\codeigniterprojects\aiist-dot-net\system\Database\BaseBuilder.php(1700): CodeIgniter\Database\BaseConnection->query('SELECT COUNT(*)...', Array, false)
#3 C:\Users\User\Desktop\codeigniterprojects\aiist-dot-net\system\Model.php(624): CodeIgniter\Database\BaseBuilder->countAllResults(false)
#4 C:\Users\User\Desktop\codeigniterprojects\aiist-dot-net\system\BaseModel.php(1239): CodeIgniter\Model->countAllResults(false)
#5 C:\Users\User\Desktop\codeigniterprojects\aiist-dot-net\app\Controllers\PublicController.php(33): CodeIgniter\BaseModel->paginate(10)
#6 C:\Users\User\Desktop\codeigniterprojects\aiist-dot-net\system\CodeIgniter.php(941): App\Controllers\PublicController->index()
#7 C:\Users\User\Desktop\codeigniterprojects\aiist-dot-net\system\CodeIgniter.php(502): CodeIgniter\CodeIgniter->runController(Object(App\Controllers\PublicController))
#8 C:\Users\User\Desktop\codeigniterprojects\aiist-dot-net\system\CodeIgniter.php(361): CodeIgniter\CodeIgniter->handleRequest(NULL, Object(Config\Cache), false)
#9 C:\Users\User\Desktop\codeigniterprojects\aiist-dot-net\public\index.php(79): CodeIgniter\CodeIgniter->run()
#10 C:\Users\User\Desktop\codeigniterprojects\aiist-dot-net\system\Commands\Server\rewrite.php(47): require_once('C:\\Users\\User\\D...')
#11 {main}
CRITICAL - 2024-03-30 09:53:28 --> CodeIgniter\Database\Exceptions\DatabaseException: Unable to connect to the database.
Main connection [MySQLi]: No connection could be made because the target machine actively refused it
in SYSTEMPATH\Database\BaseConnection.php on line 428.
 1 SYSTEMPATH\Database\BaseConnection.php(575): CodeIgniter\Database\BaseConnection->initialize()
 2 SYSTEMPATH\Database\BaseBuilder.php(1700): CodeIgniter\Database\BaseConnection->query('SELECT COUNT(*) AS `numrows`
FROM (
SELECT `career_table`.*, COUNT(course_table.coursecareer) as total_courses
FROM `career_table`
JOIN `course_table` ON `career_table`.`careerId` = `course_table`.`coursecareer`
GROUP BY `career_table`.`careerId`, `career_table`.`careerName`
) CI_count_all_results', [], false)
 3 SYSTEMPATH\Model.php(624): CodeIgniter\Database\BaseBuilder->countAllResults(false)
 4 SYSTEMPATH\BaseModel.php(1239): CodeIgniter\Model->countAllResults(false)
 5 APPPATH\Controllers\PublicController.php(33): CodeIgniter\BaseModel->paginate(10)
 6 SYSTEMPATH\CodeIgniter.php(941): App\Controllers\PublicController->index()
 7 SYSTEMPATH\CodeIgniter.php(502): CodeIgniter\CodeIgniter->runController(Object(App\Controllers\PublicController))
 8 SYSTEMPATH\CodeIgniter.php(361): CodeIgniter\CodeIgniter->handleRequest(null, Object(Config\Cache), false)
 9 FCPATH\index.php(79): CodeIgniter\CodeIgniter->run()
10 SYSTEMPATH\Commands\Server\rewrite.php(47): require_once('C:\\Users\\User\\Desktop\\codeigniterprojects\\aiist-dot-net\\public\\index.php')
ERROR - 2024-03-30 09:53:58 --> Error connecting to the database: mysqli_sql_exception: No connection could be made because the target machine actively refused it in C:\Users\User\Desktop\codeigniterprojects\aiist-dot-net\system\Database\MySQLi\Connection.php:185
Stack trace:
#0 C:\Users\User\Desktop\codeigniterprojects\aiist-dot-net\system\Database\MySQLi\Connection.php(185): mysqli->real_connect('localhost', 'root', '', 'aiistdb', 3306, '', 0)
#1 C:\Users\User\Desktop\codeigniterprojects\aiist-dot-net\system\Database\BaseConnection.php(392): CodeIgniter\Database\MySQLi\Connection->connect(false)
#2 C:\Users\User\Desktop\codeigniterprojects\aiist-dot-net\system\Database\BaseConnection.php(575): CodeIgniter\Database\BaseConnection->initialize()
#3 C:\Users\User\Desktop\codeigniterprojects\aiist-dot-net\system\Database\BaseBuilder.php(1700): CodeIgniter\Database\BaseConnection->query('SELECT COUNT(*)...', Array, false)
#4 C:\Users\User\Desktop\codeigniterprojects\aiist-dot-net\system\Model.php(624): CodeIgniter\Database\BaseBuilder->countAllResults(false)
#5 C:\Users\User\Desktop\codeigniterprojects\aiist-dot-net\system\BaseModel.php(1239): CodeIgniter\Model->countAllResults(false)
#6 C:\Users\User\Desktop\codeigniterprojects\aiist-dot-net\app\Controllers\PublicController.php(33): CodeIgniter\BaseModel->paginate(10)
#7 C:\Users\User\Desktop\codeigniterprojects\aiist-dot-net\system\CodeIgniter.php(941): App\Controllers\PublicController->index()
#8 C:\Users\User\Desktop\codeigniterprojects\aiist-dot-net\system\CodeIgniter.php(502): CodeIgniter\CodeIgniter->runController(Object(App\Controllers\PublicController))
#9 C:\Users\User\Desktop\codeigniterprojects\aiist-dot-net\system\CodeIgniter.php(361): CodeIgniter\CodeIgniter->handleRequest(NULL, Object(Config\Cache), false)
#10 C:\Users\User\Desktop\codeigniterprojects\aiist-dot-net\public\index.php(79): CodeIgniter\CodeIgniter->run()
#11 C:\Users\User\Desktop\codeigniterprojects\aiist-dot-net\system\Commands\Server\rewrite.php(47): require_once('C:\\Users\\User\\D...')
#12 {main}

Next CodeIgniter\Database\Exceptions\DatabaseException: No connection could be made because the target machine actively refused it in C:\Users\User\Desktop\codeigniterprojects\aiist-dot-net\system\Database\MySQLi\Connection.php:229
Stack trace:
#0 C:\Users\User\Desktop\codeigniterprojects\aiist-dot-net\system\Database\BaseConnection.php(392): CodeIgniter\Database\MySQLi\Connection->connect(false)
#1 C:\Users\User\Desktop\codeigniterprojects\aiist-dot-net\system\Database\BaseConnection.php(575): CodeIgniter\Database\BaseConnection->initialize()
#2 C:\Users\User\Desktop\codeigniterprojects\aiist-dot-net\system\Database\BaseBuilder.php(1700): CodeIgniter\Database\BaseConnection->query('SELECT COUNT(*)...', Array, false)
#3 C:\Users\User\Desktop\codeigniterprojects\aiist-dot-net\system\Model.php(624): CodeIgniter\Database\BaseBuilder->countAllResults(false)
#4 C:\Users\User\Desktop\codeigniterprojects\aiist-dot-net\system\BaseModel.php(1239): CodeIgniter\Model->countAllResults(false)
#5 C:\Users\User\Desktop\codeigniterprojects\aiist-dot-net\app\Controllers\PublicController.php(33): CodeIgniter\BaseModel->paginate(10)
#6 C:\Users\User\Desktop\codeigniterprojects\aiist-dot-net\system\CodeIgniter.php(941): App\Controllers\PublicController->index()
#7 C:\Users\User\Desktop\codeigniterprojects\aiist-dot-net\system\CodeIgniter.php(502): CodeIgniter\CodeIgniter->runController(Object(App\Controllers\PublicController))
#8 C:\Users\User\Desktop\codeigniterprojects\aiist-dot-net\system\CodeIgniter.php(361): CodeIgniter\CodeIgniter->handleRequest(NULL, Object(Config\Cache), false)
#9 C:\Users\User\Desktop\codeigniterprojects\aiist-dot-net\public\index.php(79): CodeIgniter\CodeIgniter->run()
#10 C:\Users\User\Desktop\codeigniterprojects\aiist-dot-net\system\Commands\Server\rewrite.php(47): require_once('C:\\Users\\User\\D...')
#11 {main}
CRITICAL - 2024-03-30 09:53:58 --> CodeIgniter\Database\Exceptions\DatabaseException: Unable to connect to the database.
Main connection [MySQLi]: No connection could be made because the target machine actively refused it
in SYSTEMPATH\Database\BaseConnection.php on line 428.
 1 SYSTEMPATH\Database\BaseConnection.php(575): CodeIgniter\Database\BaseConnection->initialize()
 2 SYSTEMPATH\Database\BaseBuilder.php(1700): CodeIgniter\Database\BaseConnection->query('SELECT COUNT(*) AS `numrows`
FROM (
SELECT `career_table`.*, COUNT(course_table.coursecareer) as total_courses
FROM `career_table`
JOIN `course_table` ON `career_table`.`careerId` = `course_table`.`coursecareer`
GROUP BY `career_table`.`careerId`, `career_table`.`careerName`
) CI_count_all_results', [], false)
 3 SYSTEMPATH\Model.php(624): CodeIgniter\Database\BaseBuilder->countAllResults(false)
 4 SYSTEMPATH\BaseModel.php(1239): CodeIgniter\Model->countAllResults(false)
 5 APPPATH\Controllers\PublicController.php(33): CodeIgniter\BaseModel->paginate(10)
 6 SYSTEMPATH\CodeIgniter.php(941): App\Controllers\PublicController->index()
 7 SYSTEMPATH\CodeIgniter.php(502): CodeIgniter\CodeIgniter->runController(Object(App\Controllers\PublicController))
 8 SYSTEMPATH\CodeIgniter.php(361): CodeIgniter\CodeIgniter->handleRequest(null, Object(Config\Cache), false)
 9 FCPATH\index.php(79): CodeIgniter\CodeIgniter->run()
10 SYSTEMPATH\Commands\Server\rewrite.php(47): require_once('C:\\Users\\User\\Desktop\\codeigniterprojects\\aiist-dot-net\\public\\index.php')
CRITICAL - 2024-03-30 10:04:27 --> ErrorException: Attempt to read property "customer_testimoney" on array
in APPPATH\Views\public\partials\home_page_testimonials.php on line 21.
 1 APPPATH\Views\public\partials\home_page_testimonials.php(21): CodeIgniter\Debug\Exceptions->errorHandler(2, 'Attempt to read property "customer_testimoney" on array', 'C:\\Users\\User\\Desktop\\codeigniterprojects\\aiist-dot-net\\app\\Views\\public\\partials\\home_page_testimonials.php', 21)
 2 APPPATH\Views\public\index.php(191): include('C:\\Users\\User\\Desktop\\codeigniterprojects\\aiist-dot-net\\app\\Views\\public\\partials\\home_page_testimonials.php')
 3 SYSTEMPATH\View\View.php(228): include('C:\\Users\\User\\Desktop\\codeigniterprojects\\aiist-dot-net\\app\\Views\\public\\index.php')
 4 SYSTEMPATH\View\View.php(231): CodeIgniter\View\View->CodeIgniter\View\{closure}()
 5 SYSTEMPATH\Common.php(1178): CodeIgniter\View\View->render('public/index', [], true)
 6 APPPATH\Controllers\PublicController.php(51): view('public/index', [...])
 7 SYSTEMPATH\CodeIgniter.php(941): App\Controllers\PublicController->index()
 8 SYSTEMPATH\CodeIgniter.php(502): CodeIgniter\CodeIgniter->runController(Object(App\Controllers\PublicController))
 9 SYSTEMPATH\CodeIgniter.php(361): CodeIgniter\CodeIgniter->handleRequest(null, Object(Config\Cache), false)
10 FCPATH\index.php(79): CodeIgniter\CodeIgniter->run()
11 SYSTEMPATH\Commands\Server\rewrite.php(47): require_once('C:\\Users\\User\\Desktop\\codeigniterprojects\\aiist-dot-net\\public\\index.php')
