INFO - 2024-06-07 00:55:21 --> Session: Class initialized using 'CodeIgniter\Session\Handlers\FileHandler' driver.
INFO - 2024-06-07 00:55:28 --> Session: Class initialized using 'CodeIgniter\Session\Handlers\FileHandler' driver.
CRITICAL - 2024-06-07 00:55:28 --> ErrorException: Undefined array key 0
in APPPATH\Views\dashboard\certificate_view.php on line 12.
 1 APPPATH\Views\dashboard\certificate_view.php(12): CodeIgniter\Debug\Exceptions->errorHandler(2, 'Undefined array key 0', 'C:\\Users\\User\\Desktop\\codeigniterprojects\\aiist-net-project\\app\\Views\\dashboard\\certificate_view.php', 12)
 2 SYSTEMPATH\View\View.php(228): include('C:\\Users\\User\\Desktop\\codeigniterprojects\\aiist-net-project\\app\\Views\\dashboard\\certificate_view.php')
 3 SYSTEMPATH\View\View.php(231): CodeIgniter\View\View->CodeIgniter\View\{closure}()
 4 SYSTEMPATH\Common.php(1178): CodeIgniter\View\View->render('dashboard/certificate_view', [], true)
 5 APPPATH\Controllers\CertificateController.php(115): view('dashboard/certificate_view', [...])
 6 SYSTEMPATH\CodeIgniter.php(941): App\Controllers\CertificateController->view_certificate('img', 'favicon.ico')
 7 SYSTEMPATH\CodeIgniter.php(502): CodeIgniter\CodeIgniter->runController(Object(App\Controllers\CertificateController))
 8 SYSTEMPATH\CodeIgniter.php(361): CodeIgniter\CodeIgniter->handleRequest(null, Object(Config\Cache), false)
 9 FCPATH\index.php(79): CodeIgniter\CodeIgniter->run()
10 SYSTEMPATH\Commands\Server\rewrite.php(47): require_once('C:\\Users\\User\\Desktop\\codeigniterprojects\\aiist-net-project\\public\\index.php')
INFO - 2024-06-07 00:55:34 --> Session: Class initialized using 'CodeIgniter\Session\Handlers\FileHandler' driver.
INFO - 2024-06-07 00:55:39 --> Session: Class initialized using 'CodeIgniter\Session\Handlers\FileHandler' driver.
CRITICAL - 2024-06-07 00:55:39 --> ErrorException: Undefined array key 0
in APPPATH\Views\dashboard\certificate_view.php on line 12.
 1 APPPATH\Views\dashboard\certificate_view.php(12): CodeIgniter\Debug\Exceptions->errorHandler(2, 'Undefined array key 0', 'C:\\Users\\User\\Desktop\\codeigniterprojects\\aiist-net-project\\app\\Views\\dashboard\\certificate_view.php', 12)
 2 SYSTEMPATH\View\View.php(228): include('C:\\Users\\User\\Desktop\\codeigniterprojects\\aiist-net-project\\app\\Views\\dashboard\\certificate_view.php')
 3 SYSTEMPATH\View\View.php(231): CodeIgniter\View\View->CodeIgniter\View\{closure}()
 4 SYSTEMPATH\Common.php(1178): CodeIgniter\View\View->render('dashboard/certificate_view', [], true)
 5 APPPATH\Controllers\CertificateController.php(115): view('dashboard/certificate_view', [...])
 6 SYSTEMPATH\CodeIgniter.php(941): App\Controllers\CertificateController->view_certificate('img', 'favicon.ico')
 7 SYSTEMPATH\CodeIgniter.php(502): CodeIgniter\CodeIgniter->runController(Object(App\Controllers\CertificateController))
 8 SYSTEMPATH\CodeIgniter.php(361): CodeIgniter\CodeIgniter->handleRequest(null, Object(Config\Cache), false)
 9 FCPATH\index.php(79): CodeIgniter\CodeIgniter->run()
10 SYSTEMPATH\Commands\Server\rewrite.php(47): require_once('C:\\Users\\User\\Desktop\\codeigniterprojects\\aiist-net-project\\public\\index.php')
INFO - 2024-06-07 00:56:02 --> Session: Class initialized using 'CodeIgniter\Session\Handlers\FileHandler' driver.
INFO - 2024-06-07 00:56:21 --> Session: Class initialized using 'CodeIgniter\Session\Handlers\FileHandler' driver.
INFO - 2024-06-07 00:56:22 --> Session: Class initialized using 'CodeIgniter\Session\Handlers\FileHandler' driver.
INFO - 2024-06-07 00:56:31 --> Session: Class initialized using 'CodeIgniter\Session\Handlers\FileHandler' driver.
INFO - 2024-06-07 00:56:32 --> Session: Class initialized using 'CodeIgniter\Session\Handlers\FileHandler' driver.
INFO - 2024-06-07 00:57:08 --> Session: Class initialized using 'CodeIgniter\Session\Handlers\FileHandler' driver.
INFO - 2024-06-07 00:57:17 --> Session: Class initialized using 'CodeIgniter\Session\Handlers\FileHandler' driver.
INFO - 2024-06-07 00:57:30 --> Session: Class initialized using 'CodeIgniter\Session\Handlers\FileHandler' driver.
CRITICAL - 2024-06-07 00:57:31 --> ErrorException: Undefined array key 0
in APPPATH\Views\dashboard\certificate_view.php on line 12.
 1 APPPATH\Views\dashboard\certificate_view.php(12): CodeIgniter\Debug\Exceptions->errorHandler(2, 'Undefined array key 0', 'C:\\Users\\User\\Desktop\\codeigniterprojects\\aiist-net-project\\app\\Views\\dashboard\\certificate_view.php', 12)
 2 SYSTEMPATH\View\View.php(228): include('C:\\Users\\User\\Desktop\\codeigniterprojects\\aiist-net-project\\app\\Views\\dashboard\\certificate_view.php')
 3 SYSTEMPATH\View\View.php(231): CodeIgniter\View\View->CodeIgniter\View\{closure}()
 4 SYSTEMPATH\Common.php(1178): CodeIgniter\View\View->render('dashboard/certificate_view', [], true)
 5 APPPATH\Controllers\CertificateController.php(115): view('dashboard/certificate_view', [...])
 6 SYSTEMPATH\CodeIgniter.php(941): App\Controllers\CertificateController->view_certificate('img', 'favicon.ico')
 7 SYSTEMPATH\CodeIgniter.php(502): CodeIgniter\CodeIgniter->runController(Object(App\Controllers\CertificateController))
 8 SYSTEMPATH\CodeIgniter.php(361): CodeIgniter\CodeIgniter->handleRequest(null, Object(Config\Cache), false)
 9 FCPATH\index.php(79): CodeIgniter\CodeIgniter->run()
10 SYSTEMPATH\Commands\Server\rewrite.php(47): require_once('C:\\Users\\User\\Desktop\\codeigniterprojects\\aiist-net-project\\public\\index.php')
INFO - 2024-06-07 01:00:57 --> Session: Class initialized using 'CodeIgniter\Session\Handlers\FileHandler' driver.
INFO - 2024-06-07 01:01:02 --> Session: Class initialized using 'CodeIgniter\Session\Handlers\FileHandler' driver.
CRITICAL - 2024-06-07 01:01:03 --> ErrorException: Undefined array key 0
in APPPATH\Views\dashboard\certificate_view.php on line 12.
 1 APPPATH\Views\dashboard\certificate_view.php(12): CodeIgniter\Debug\Exceptions->errorHandler(2, 'Undefined array key 0', 'C:\\Users\\User\\Desktop\\codeigniterprojects\\aiist-net-project\\app\\Views\\dashboard\\certificate_view.php', 12)
 2 SYSTEMPATH\View\View.php(228): include('C:\\Users\\User\\Desktop\\codeigniterprojects\\aiist-net-project\\app\\Views\\dashboard\\certificate_view.php')
 3 SYSTEMPATH\View\View.php(231): CodeIgniter\View\View->CodeIgniter\View\{closure}()
 4 SYSTEMPATH\Common.php(1178): CodeIgniter\View\View->render('dashboard/certificate_view', [], true)
 5 APPPATH\Controllers\CertificateController.php(115): view('dashboard/certificate_view', [...])
 6 SYSTEMPATH\CodeIgniter.php(941): App\Controllers\CertificateController->view_certificate('img', 'favicon.ico')
 7 SYSTEMPATH\CodeIgniter.php(502): CodeIgniter\CodeIgniter->runController(Object(App\Controllers\CertificateController))
 8 SYSTEMPATH\CodeIgniter.php(361): CodeIgniter\CodeIgniter->handleRequest(null, Object(Config\Cache), false)
 9 FCPATH\index.php(79): CodeIgniter\CodeIgniter->run()
10 SYSTEMPATH\Commands\Server\rewrite.php(47): require_once('C:\\Users\\User\\Desktop\\codeigniterprojects\\aiist-net-project\\public\\index.php')
INFO - 2024-06-07 01:01:32 --> Session: Class initialized using 'CodeIgniter\Session\Handlers\FileHandler' driver.
INFO - 2024-06-07 01:01:39 --> Session: Class initialized using 'CodeIgniter\Session\Handlers\FileHandler' driver.
CRITICAL - 2024-06-07 01:01:39 --> ErrorException: Undefined array key 0
in APPPATH\Views\dashboard\certificate_view.php on line 12.
 1 APPPATH\Views\dashboard\certificate_view.php(12): CodeIgniter\Debug\Exceptions->errorHandler(2, 'Undefined array key 0', 'C:\\Users\\User\\Desktop\\codeigniterprojects\\aiist-net-project\\app\\Views\\dashboard\\certificate_view.php', 12)
 2 SYSTEMPATH\View\View.php(228): include('C:\\Users\\User\\Desktop\\codeigniterprojects\\aiist-net-project\\app\\Views\\dashboard\\certificate_view.php')
 3 SYSTEMPATH\View\View.php(231): CodeIgniter\View\View->CodeIgniter\View\{closure}()
 4 SYSTEMPATH\Common.php(1178): CodeIgniter\View\View->render('dashboard/certificate_view', [], true)
 5 APPPATH\Controllers\CertificateController.php(115): view('dashboard/certificate_view', [...])
 6 SYSTEMPATH\CodeIgniter.php(941): App\Controllers\CertificateController->view_certificate('img', 'favicon.ico')
 7 SYSTEMPATH\CodeIgniter.php(502): CodeIgniter\CodeIgniter->runController(Object(App\Controllers\CertificateController))
 8 SYSTEMPATH\CodeIgniter.php(361): CodeIgniter\CodeIgniter->handleRequest(null, Object(Config\Cache), false)
 9 FCPATH\index.php(79): CodeIgniter\CodeIgniter->run()
10 SYSTEMPATH\Commands\Server\rewrite.php(47): require_once('C:\\Users\\User\\Desktop\\codeigniterprojects\\aiist-net-project\\public\\index.php')
INFO - 2024-06-07 01:02:11 --> Session: Class initialized using 'CodeIgniter\Session\Handlers\FileHandler' driver.
INFO - 2024-06-07 01:02:17 --> Session: Class initialized using 'CodeIgniter\Session\Handlers\FileHandler' driver.
CRITICAL - 2024-06-07 01:02:17 --> ErrorException: Undefined array key 0
in APPPATH\Views\dashboard\certificate_view.php on line 12.
 1 APPPATH\Views\dashboard\certificate_view.php(12): CodeIgniter\Debug\Exceptions->errorHandler(2, 'Undefined array key 0', 'C:\\Users\\User\\Desktop\\codeigniterprojects\\aiist-net-project\\app\\Views\\dashboard\\certificate_view.php', 12)
 2 SYSTEMPATH\View\View.php(228): include('C:\\Users\\User\\Desktop\\codeigniterprojects\\aiist-net-project\\app\\Views\\dashboard\\certificate_view.php')
 3 SYSTEMPATH\View\View.php(231): CodeIgniter\View\View->CodeIgniter\View\{closure}()
 4 SYSTEMPATH\Common.php(1178): CodeIgniter\View\View->render('dashboard/certificate_view', [], true)
 5 APPPATH\Controllers\CertificateController.php(115): view('dashboard/certificate_view', [...])
 6 SYSTEMPATH\CodeIgniter.php(941): App\Controllers\CertificateController->view_certificate('img', 'favicon.ico')
 7 SYSTEMPATH\CodeIgniter.php(502): CodeIgniter\CodeIgniter->runController(Object(App\Controllers\CertificateController))
 8 SYSTEMPATH\CodeIgniter.php(361): CodeIgniter\CodeIgniter->handleRequest(null, Object(Config\Cache), false)
 9 FCPATH\index.php(79): CodeIgniter\CodeIgniter->run()
10 SYSTEMPATH\Commands\Server\rewrite.php(47): require_once('C:\\Users\\User\\Desktop\\codeigniterprojects\\aiist-net-project\\public\\index.php')
INFO - 2024-06-07 01:04:28 --> Session: Class initialized using 'CodeIgniter\Session\Handlers\FileHandler' driver.
INFO - 2024-06-07 01:04:39 --> Session: Class initialized using 'CodeIgniter\Session\Handlers\FileHandler' driver.
CRITICAL - 2024-06-07 01:04:39 --> ErrorException: Undefined array key 0
in APPPATH\Views\dashboard\certificate_view.php on line 12.
 1 APPPATH\Views\dashboard\certificate_view.php(12): CodeIgniter\Debug\Exceptions->errorHandler(2, 'Undefined array key 0', 'C:\\Users\\User\\Desktop\\codeigniterprojects\\aiist-net-project\\app\\Views\\dashboard\\certificate_view.php', 12)
 2 SYSTEMPATH\View\View.php(228): include('C:\\Users\\User\\Desktop\\codeigniterprojects\\aiist-net-project\\app\\Views\\dashboard\\certificate_view.php')
 3 SYSTEMPATH\View\View.php(231): CodeIgniter\View\View->CodeIgniter\View\{closure}()
 4 SYSTEMPATH\Common.php(1178): CodeIgniter\View\View->render('dashboard/certificate_view', [], true)
 5 APPPATH\Controllers\CertificateController.php(115): view('dashboard/certificate_view', [...])
 6 SYSTEMPATH\CodeIgniter.php(941): App\Controllers\CertificateController->view_certificate('img', 'favicon.ico')
 7 SYSTEMPATH\CodeIgniter.php(502): CodeIgniter\CodeIgniter->runController(Object(App\Controllers\CertificateController))
 8 SYSTEMPATH\CodeIgniter.php(361): CodeIgniter\CodeIgniter->handleRequest(null, Object(Config\Cache), false)
 9 FCPATH\index.php(79): CodeIgniter\CodeIgniter->run()
10 SYSTEMPATH\Commands\Server\rewrite.php(47): require_once('C:\\Users\\User\\Desktop\\codeigniterprojects\\aiist-net-project\\public\\index.php')
INFO - 2024-06-07 01:06:28 --> Session: Class initialized using 'CodeIgniter\Session\Handlers\FileHandler' driver.
INFO - 2024-06-07 01:06:34 --> Session: Class initialized using 'CodeIgniter\Session\Handlers\FileHandler' driver.
CRITICAL - 2024-06-07 01:06:34 --> ErrorException: Undefined array key 0
in APPPATH\Views\dashboard\certificate_view.php on line 12.
 1 APPPATH\Views\dashboard\certificate_view.php(12): CodeIgniter\Debug\Exceptions->errorHandler(2, 'Undefined array key 0', 'C:\\Users\\User\\Desktop\\codeigniterprojects\\aiist-net-project\\app\\Views\\dashboard\\certificate_view.php', 12)
 2 SYSTEMPATH\View\View.php(228): include('C:\\Users\\User\\Desktop\\codeigniterprojects\\aiist-net-project\\app\\Views\\dashboard\\certificate_view.php')
 3 SYSTEMPATH\View\View.php(231): CodeIgniter\View\View->CodeIgniter\View\{closure}()
 4 SYSTEMPATH\Common.php(1178): CodeIgniter\View\View->render('dashboard/certificate_view', [], true)
 5 APPPATH\Controllers\CertificateController.php(115): view('dashboard/certificate_view', [...])
 6 SYSTEMPATH\CodeIgniter.php(941): App\Controllers\CertificateController->view_certificate('img', 'favicon.ico')
 7 SYSTEMPATH\CodeIgniter.php(502): CodeIgniter\CodeIgniter->runController(Object(App\Controllers\CertificateController))
 8 SYSTEMPATH\CodeIgniter.php(361): CodeIgniter\CodeIgniter->handleRequest(null, Object(Config\Cache), false)
 9 FCPATH\index.php(79): CodeIgniter\CodeIgniter->run()
10 SYSTEMPATH\Commands\Server\rewrite.php(47): require_once('C:\\Users\\User\\Desktop\\codeigniterprojects\\aiist-net-project\\public\\index.php')
INFO - 2024-06-07 01:44:37 --> Session: Class initialized using 'CodeIgniter\Session\Handlers\FileHandler' driver.
ERROR - 2024-06-07 13:58:50 --> Error connecting to the database: mysqli_sql_exception: No connection could be made because the target machine actively refused it in C:\Users\User\Desktop\codeigniterprojects\aiist-net-project\system\Database\MySQLi\Connection.php:185
Stack trace:
#0 C:\Users\User\Desktop\codeigniterprojects\aiist-net-project\system\Database\MySQLi\Connection.php(185): mysqli->real_connect('localhost', 'root', '', 'aiistdb', 3306, '', 0)
#1 C:\Users\User\Desktop\codeigniterprojects\aiist-net-project\system\Database\BaseConnection.php(392): CodeIgniter\Database\MySQLi\Connection->connect(false)
#2 C:\Users\User\Desktop\codeigniterprojects\aiist-net-project\system\Database\BaseConnection.php(575): CodeIgniter\Database\BaseConnection->initialize()
#3 C:\Users\User\Desktop\codeigniterprojects\aiist-net-project\system\Database\BaseBuilder.php(1616): CodeIgniter\Database\BaseConnection->query('SELECT *\nFROM `...', Array, false)
#4 C:\Users\User\Desktop\codeigniterprojects\aiist-net-project\system\Model.php(202): CodeIgniter\Database\BaseBuilder->get()
#5 C:\Users\User\Desktop\codeigniterprojects\aiist-net-project\system\BaseModel.php(577): CodeIgniter\Model->doFind(false, NULL)
#6 C:\Users\User\Desktop\codeigniterprojects\aiist-net-project\app\Controllers\CertificateController.php(131): CodeIgniter\BaseModel->find()
#7 C:\Users\User\Desktop\codeigniterprojects\aiist-net-project\system\CodeIgniter.php(941): App\Controllers\CertificateController->vfy('img', 'favicon.png')
#8 C:\Users\User\Desktop\codeigniterprojects\aiist-net-project\system\CodeIgniter.php(502): CodeIgniter\CodeIgniter->runController(Object(App\Controllers\CertificateController))
#9 C:\Users\User\Desktop\codeigniterprojects\aiist-net-project\system\CodeIgniter.php(361): CodeIgniter\CodeIgniter->handleRequest(NULL, Object(Config\Cache), false)
#10 C:\Users\User\Desktop\codeigniterprojects\aiist-net-project\public\index.php(79): CodeIgniter\CodeIgniter->run()
#11 C:\Users\User\Desktop\codeigniterprojects\aiist-net-project\system\Commands\Server\rewrite.php(47): require_once('C:\\Users\\User\\D...')
#12 {main}

Next CodeIgniter\Database\Exceptions\DatabaseException: No connection could be made because the target machine actively refused it in C:\Users\User\Desktop\codeigniterprojects\aiist-net-project\system\Database\MySQLi\Connection.php:229
Stack trace:
#0 C:\Users\User\Desktop\codeigniterprojects\aiist-net-project\system\Database\BaseConnection.php(392): CodeIgniter\Database\MySQLi\Connection->connect(false)
#1 C:\Users\User\Desktop\codeigniterprojects\aiist-net-project\system\Database\BaseConnection.php(575): CodeIgniter\Database\BaseConnection->initialize()
#2 C:\Users\User\Desktop\codeigniterprojects\aiist-net-project\system\Database\BaseBuilder.php(1616): CodeIgniter\Database\BaseConnection->query('SELECT *\nFROM `...', Array, false)
#3 C:\Users\User\Desktop\codeigniterprojects\aiist-net-project\system\Model.php(202): CodeIgniter\Database\BaseBuilder->get()
#4 C:\Users\User\Desktop\codeigniterprojects\aiist-net-project\system\BaseModel.php(577): CodeIgniter\Model->doFind(false, NULL)
#5 C:\Users\User\Desktop\codeigniterprojects\aiist-net-project\app\Controllers\CertificateController.php(131): CodeIgniter\BaseModel->find()
#6 C:\Users\User\Desktop\codeigniterprojects\aiist-net-project\system\CodeIgniter.php(941): App\Controllers\CertificateController->vfy('img', 'favicon.png')
#7 C:\Users\User\Desktop\codeigniterprojects\aiist-net-project\system\CodeIgniter.php(502): CodeIgniter\CodeIgniter->runController(Object(App\Controllers\CertificateController))
#8 C:\Users\User\Desktop\codeigniterprojects\aiist-net-project\system\CodeIgniter.php(361): CodeIgniter\CodeIgniter->handleRequest(NULL, Object(Config\Cache), false)
#9 C:\Users\User\Desktop\codeigniterprojects\aiist-net-project\public\index.php(79): CodeIgniter\CodeIgniter->run()
#10 C:\Users\User\Desktop\codeigniterprojects\aiist-net-project\system\Commands\Server\rewrite.php(47): require_once('C:\\Users\\User\\D...')
#11 {main}
CRITICAL - 2024-06-07 13:58:51 --> CodeIgniter\Database\Exceptions\DatabaseException: Unable to connect to the database.
Main connection [MySQLi]: No connection could be made because the target machine actively refused it
in SYSTEMPATH\Database\BaseConnection.php on line 428.
 1 SYSTEMPATH\Database\BaseConnection.php(575): CodeIgniter\Database\BaseConnection->initialize()
 2 SYSTEMPATH\Database\BaseBuilder.php(1616): CodeIgniter\Database\BaseConnection->query('SELECT *
FROM `certificates`
WHERE `certId` = :certId:', [...], false)
 3 SYSTEMPATH\Model.php(202): CodeIgniter\Database\BaseBuilder->get()
 4 SYSTEMPATH\BaseModel.php(577): CodeIgniter\Model->doFind(false, null)
 5 APPPATH\Controllers\CertificateController.php(131): CodeIgniter\BaseModel->find()
 6 SYSTEMPATH\CodeIgniter.php(941): App\Controllers\CertificateController->vfy('img', 'favicon.png')
 7 SYSTEMPATH\CodeIgniter.php(502): CodeIgniter\CodeIgniter->runController(Object(App\Controllers\CertificateController))
 8 SYSTEMPATH\CodeIgniter.php(361): CodeIgniter\CodeIgniter->handleRequest(null, Object(Config\Cache), false)
 9 FCPATH\index.php(79): CodeIgniter\CodeIgniter->run()
10 SYSTEMPATH\Commands\Server\rewrite.php(47): require_once('C:\\Users\\User\\Desktop\\codeigniterprojects\\aiist-net-project\\public\\index.php')
ERROR - 2024-06-07 14:03:42 --> Error connecting to the database: mysqli_sql_exception: No connection could be made because the target machine actively refused it in C:\Users\User\Desktop\codeigniterprojects\aiist-net-project\system\Database\MySQLi\Connection.php:185
Stack trace:
#0 C:\Users\User\Desktop\codeigniterprojects\aiist-net-project\system\Database\MySQLi\Connection.php(185): mysqli->real_connect('localhost', 'root', '', 'aiistdb', 3306, '', 0)
#1 C:\Users\User\Desktop\codeigniterprojects\aiist-net-project\system\Database\BaseConnection.php(392): CodeIgniter\Database\MySQLi\Connection->connect(false)
#2 C:\Users\User\Desktop\codeigniterprojects\aiist-net-project\system\Database\BaseConnection.php(575): CodeIgniter\Database\BaseConnection->initialize()
#3 C:\Users\User\Desktop\codeigniterprojects\aiist-net-project\system\Database\BaseBuilder.php(1616): CodeIgniter\Database\BaseConnection->query('SELECT *\nFROM `...', Array, false)
#4 C:\Users\User\Desktop\codeigniterprojects\aiist-net-project\system\Model.php(202): CodeIgniter\Database\BaseBuilder->get()
#5 C:\Users\User\Desktop\codeigniterprojects\aiist-net-project\system\BaseModel.php(577): CodeIgniter\Model->doFind(false, NULL)
#6 C:\Users\User\Desktop\codeigniterprojects\aiist-net-project\app\Controllers\CertificateController.php(131): CodeIgniter\BaseModel->find()
#7 C:\Users\User\Desktop\codeigniterprojects\aiist-net-project\system\CodeIgniter.php(941): App\Controllers\CertificateController->vfy('img', 'favicon.png')
#8 C:\Users\User\Desktop\codeigniterprojects\aiist-net-project\system\CodeIgniter.php(502): CodeIgniter\CodeIgniter->runController(Object(App\Controllers\CertificateController))
#9 C:\Users\User\Desktop\codeigniterprojects\aiist-net-project\system\CodeIgniter.php(361): CodeIgniter\CodeIgniter->handleRequest(NULL, Object(Config\Cache), false)
#10 C:\Users\User\Desktop\codeigniterprojects\aiist-net-project\public\index.php(79): CodeIgniter\CodeIgniter->run()
#11 C:\Users\User\Desktop\codeigniterprojects\aiist-net-project\system\Commands\Server\rewrite.php(47): require_once('C:\\Users\\User\\D...')
#12 {main}

Next CodeIgniter\Database\Exceptions\DatabaseException: No connection could be made because the target machine actively refused it in C:\Users\User\Desktop\codeigniterprojects\aiist-net-project\system\Database\MySQLi\Connection.php:229
Stack trace:
#0 C:\Users\User\Desktop\codeigniterprojects\aiist-net-project\system\Database\BaseConnection.php(392): CodeIgniter\Database\MySQLi\Connection->connect(false)
#1 C:\Users\User\Desktop\codeigniterprojects\aiist-net-project\system\Database\BaseConnection.php(575): CodeIgniter\Database\BaseConnection->initialize()
#2 C:\Users\User\Desktop\codeigniterprojects\aiist-net-project\system\Database\BaseBuilder.php(1616): CodeIgniter\Database\BaseConnection->query('SELECT *\nFROM `...', Array, false)
#3 C:\Users\User\Desktop\codeigniterprojects\aiist-net-project\system\Model.php(202): CodeIgniter\Database\BaseBuilder->get()
#4 C:\Users\User\Desktop\codeigniterprojects\aiist-net-project\system\BaseModel.php(577): CodeIgniter\Model->doFind(false, NULL)
#5 C:\Users\User\Desktop\codeigniterprojects\aiist-net-project\app\Controllers\CertificateController.php(131): CodeIgniter\BaseModel->find()
#6 C:\Users\User\Desktop\codeigniterprojects\aiist-net-project\system\CodeIgniter.php(941): App\Controllers\CertificateController->vfy('img', 'favicon.png')
#7 C:\Users\User\Desktop\codeigniterprojects\aiist-net-project\system\CodeIgniter.php(502): CodeIgniter\CodeIgniter->runController(Object(App\Controllers\CertificateController))
#8 C:\Users\User\Desktop\codeigniterprojects\aiist-net-project\system\CodeIgniter.php(361): CodeIgniter\CodeIgniter->handleRequest(NULL, Object(Config\Cache), false)
#9 C:\Users\User\Desktop\codeigniterprojects\aiist-net-project\public\index.php(79): CodeIgniter\CodeIgniter->run()
#10 C:\Users\User\Desktop\codeigniterprojects\aiist-net-project\system\Commands\Server\rewrite.php(47): require_once('C:\\Users\\User\\D...')
#11 {main}
CRITICAL - 2024-06-07 14:03:42 --> CodeIgniter\Database\Exceptions\DatabaseException: Unable to connect to the database.
Main connection [MySQLi]: No connection could be made because the target machine actively refused it
in SYSTEMPATH\Database\BaseConnection.php on line 428.
 1 SYSTEMPATH\Database\BaseConnection.php(575): CodeIgniter\Database\BaseConnection->initialize()
 2 SYSTEMPATH\Database\BaseBuilder.php(1616): CodeIgniter\Database\BaseConnection->query('SELECT *
FROM `certificates`
WHERE `certId` = :certId:', [...], false)
 3 SYSTEMPATH\Model.php(202): CodeIgniter\Database\BaseBuilder->get()
 4 SYSTEMPATH\BaseModel.php(577): CodeIgniter\Model->doFind(false, null)
 5 APPPATH\Controllers\CertificateController.php(131): CodeIgniter\BaseModel->find()
 6 SYSTEMPATH\CodeIgniter.php(941): App\Controllers\CertificateController->vfy('img', 'favicon.png')
 7 SYSTEMPATH\CodeIgniter.php(502): CodeIgniter\CodeIgniter->runController(Object(App\Controllers\CertificateController))
 8 SYSTEMPATH\CodeIgniter.php(361): CodeIgniter\CodeIgniter->handleRequest(null, Object(Config\Cache), false)
 9 FCPATH\index.php(79): CodeIgniter\CodeIgniter->run()
10 SYSTEMPATH\Commands\Server\rewrite.php(47): require_once('C:\\Users\\User\\Desktop\\codeigniterprojects\\aiist-net-project\\public\\index.php')
ERROR - 2024-06-07 14:10:16 --> Error connecting to the database: mysqli_sql_exception: No connection could be made because the target machine actively refused it in C:\Users\User\Desktop\codeigniterprojects\aiist-net-project\system\Database\MySQLi\Connection.php:185
Stack trace:
#0 C:\Users\User\Desktop\codeigniterprojects\aiist-net-project\system\Database\MySQLi\Connection.php(185): mysqli->real_connect('localhost', 'root', '', 'aiistdb', 3306, '', 0)
#1 C:\Users\User\Desktop\codeigniterprojects\aiist-net-project\system\Database\BaseConnection.php(392): CodeIgniter\Database\MySQLi\Connection->connect(false)
#2 C:\Users\User\Desktop\codeigniterprojects\aiist-net-project\system\Database\BaseConnection.php(575): CodeIgniter\Database\BaseConnection->initialize()
#3 C:\Users\User\Desktop\codeigniterprojects\aiist-net-project\system\Database\BaseBuilder.php(1616): CodeIgniter\Database\BaseConnection->query('SELECT *\nFROM `...', Array, false)
#4 C:\Users\User\Desktop\codeigniterprojects\aiist-net-project\system\Model.php(202): CodeIgniter\Database\BaseBuilder->get()
#5 C:\Users\User\Desktop\codeigniterprojects\aiist-net-project\system\BaseModel.php(577): CodeIgniter\Model->doFind(false, NULL)
#6 C:\Users\User\Desktop\codeigniterprojects\aiist-net-project\app\Controllers\CertificateController.php(131): CodeIgniter\BaseModel->find()
#7 C:\Users\User\Desktop\codeigniterprojects\aiist-net-project\system\CodeIgniter.php(941): App\Controllers\CertificateController->vfy('img', 'favicon.png')
#8 C:\Users\User\Desktop\codeigniterprojects\aiist-net-project\system\CodeIgniter.php(502): CodeIgniter\CodeIgniter->runController(Object(App\Controllers\CertificateController))
#9 C:\Users\User\Desktop\codeigniterprojects\aiist-net-project\system\CodeIgniter.php(361): CodeIgniter\CodeIgniter->handleRequest(NULL, Object(Config\Cache), false)
#10 C:\Users\User\Desktop\codeigniterprojects\aiist-net-project\public\index.php(79): CodeIgniter\CodeIgniter->run()
#11 C:\Users\User\Desktop\codeigniterprojects\aiist-net-project\system\Commands\Server\rewrite.php(47): require_once('C:\\Users\\User\\D...')
#12 {main}

Next CodeIgniter\Database\Exceptions\DatabaseException: No connection could be made because the target machine actively refused it in C:\Users\User\Desktop\codeigniterprojects\aiist-net-project\system\Database\MySQLi\Connection.php:229
Stack trace:
#0 C:\Users\User\Desktop\codeigniterprojects\aiist-net-project\system\Database\BaseConnection.php(392): CodeIgniter\Database\MySQLi\Connection->connect(false)
#1 C:\Users\User\Desktop\codeigniterprojects\aiist-net-project\system\Database\BaseConnection.php(575): CodeIgniter\Database\BaseConnection->initialize()
#2 C:\Users\User\Desktop\codeigniterprojects\aiist-net-project\system\Database\BaseBuilder.php(1616): CodeIgniter\Database\BaseConnection->query('SELECT *\nFROM `...', Array, false)
#3 C:\Users\User\Desktop\codeigniterprojects\aiist-net-project\system\Model.php(202): CodeIgniter\Database\BaseBuilder->get()
#4 C:\Users\User\Desktop\codeigniterprojects\aiist-net-project\system\BaseModel.php(577): CodeIgniter\Model->doFind(false, NULL)
#5 C:\Users\User\Desktop\codeigniterprojects\aiist-net-project\app\Controllers\CertificateController.php(131): CodeIgniter\BaseModel->find()
#6 C:\Users\User\Desktop\codeigniterprojects\aiist-net-project\system\CodeIgniter.php(941): App\Controllers\CertificateController->vfy('img', 'favicon.png')
#7 C:\Users\User\Desktop\codeigniterprojects\aiist-net-project\system\CodeIgniter.php(502): CodeIgniter\CodeIgniter->runController(Object(App\Controllers\CertificateController))
#8 C:\Users\User\Desktop\codeigniterprojects\aiist-net-project\system\CodeIgniter.php(361): CodeIgniter\CodeIgniter->handleRequest(NULL, Object(Config\Cache), false)
#9 C:\Users\User\Desktop\codeigniterprojects\aiist-net-project\public\index.php(79): CodeIgniter\CodeIgniter->run()
#10 C:\Users\User\Desktop\codeigniterprojects\aiist-net-project\system\Commands\Server\rewrite.php(47): require_once('C:\\Users\\User\\D...')
#11 {main}
CRITICAL - 2024-06-07 14:10:16 --> CodeIgniter\Database\Exceptions\DatabaseException: Unable to connect to the database.
Main connection [MySQLi]: No connection could be made because the target machine actively refused it
in SYSTEMPATH\Database\BaseConnection.php on line 428.
 1 SYSTEMPATH\Database\BaseConnection.php(575): CodeIgniter\Database\BaseConnection->initialize()
 2 SYSTEMPATH\Database\BaseBuilder.php(1616): CodeIgniter\Database\BaseConnection->query('SELECT *
FROM `certificates`
WHERE `certId` = :certId:', [...], false)
 3 SYSTEMPATH\Model.php(202): CodeIgniter\Database\BaseBuilder->get()
 4 SYSTEMPATH\BaseModel.php(577): CodeIgniter\Model->doFind(false, null)
 5 APPPATH\Controllers\CertificateController.php(131): CodeIgniter\BaseModel->find()
 6 SYSTEMPATH\CodeIgniter.php(941): App\Controllers\CertificateController->vfy('img', 'favicon.png')
 7 SYSTEMPATH\CodeIgniter.php(502): CodeIgniter\CodeIgniter->runController(Object(App\Controllers\CertificateController))
 8 SYSTEMPATH\CodeIgniter.php(361): CodeIgniter\CodeIgniter->handleRequest(null, Object(Config\Cache), false)
 9 FCPATH\index.php(79): CodeIgniter\CodeIgniter->run()
10 SYSTEMPATH\Commands\Server\rewrite.php(47): require_once('C:\\Users\\User\\Desktop\\codeigniterprojects\\aiist-net-project\\public\\index.php')
ERROR - 2024-06-07 14:21:50 --> Error connecting to the database: mysqli_sql_exception: No connection could be made because the target machine actively refused it in C:\Users\User\Desktop\codeigniterprojects\aiist-net-project\system\Database\MySQLi\Connection.php:185
Stack trace:
#0 C:\Users\User\Desktop\codeigniterprojects\aiist-net-project\system\Database\MySQLi\Connection.php(185): mysqli->real_connect('localhost', 'root', '', 'aiistdb', 3306, '', 0)
#1 C:\Users\User\Desktop\codeigniterprojects\aiist-net-project\system\Database\BaseConnection.php(392): CodeIgniter\Database\MySQLi\Connection->connect(false)
#2 C:\Users\User\Desktop\codeigniterprojects\aiist-net-project\system\Database\BaseConnection.php(575): CodeIgniter\Database\BaseConnection->initialize()
#3 C:\Users\User\Desktop\codeigniterprojects\aiist-net-project\system\Database\BaseBuilder.php(1616): CodeIgniter\Database\BaseConnection->query('SELECT *\nFROM `...', Array, false)
#4 C:\Users\User\Desktop\codeigniterprojects\aiist-net-project\system\Model.php(202): CodeIgniter\Database\BaseBuilder->get()
#5 C:\Users\User\Desktop\codeigniterprojects\aiist-net-project\system\BaseModel.php(577): CodeIgniter\Model->doFind(false, NULL)
#6 C:\Users\User\Desktop\codeigniterprojects\aiist-net-project\app\Controllers\CertificateController.php(131): CodeIgniter\BaseModel->find()
#7 C:\Users\User\Desktop\codeigniterprojects\aiist-net-project\system\CodeIgniter.php(941): App\Controllers\CertificateController->vfy('img', 'favicon.png')
#8 C:\Users\User\Desktop\codeigniterprojects\aiist-net-project\system\CodeIgniter.php(502): CodeIgniter\CodeIgniter->runController(Object(App\Controllers\CertificateController))
#9 C:\Users\User\Desktop\codeigniterprojects\aiist-net-project\system\CodeIgniter.php(361): CodeIgniter\CodeIgniter->handleRequest(NULL, Object(Config\Cache), false)
#10 C:\Users\User\Desktop\codeigniterprojects\aiist-net-project\public\index.php(79): CodeIgniter\CodeIgniter->run()
#11 C:\Users\User\Desktop\codeigniterprojects\aiist-net-project\system\Commands\Server\rewrite.php(47): require_once('C:\\Users\\User\\D...')
#12 {main}

Next CodeIgniter\Database\Exceptions\DatabaseException: No connection could be made because the target machine actively refused it in C:\Users\User\Desktop\codeigniterprojects\aiist-net-project\system\Database\MySQLi\Connection.php:229
Stack trace:
#0 C:\Users\User\Desktop\codeigniterprojects\aiist-net-project\system\Database\BaseConnection.php(392): CodeIgniter\Database\MySQLi\Connection->connect(false)
#1 C:\Users\User\Desktop\codeigniterprojects\aiist-net-project\system\Database\BaseConnection.php(575): CodeIgniter\Database\BaseConnection->initialize()
#2 C:\Users\User\Desktop\codeigniterprojects\aiist-net-project\system\Database\BaseBuilder.php(1616): CodeIgniter\Database\BaseConnection->query('SELECT *\nFROM `...', Array, false)
#3 C:\Users\User\Desktop\codeigniterprojects\aiist-net-project\system\Model.php(202): CodeIgniter\Database\BaseBuilder->get()
#4 C:\Users\User\Desktop\codeigniterprojects\aiist-net-project\system\BaseModel.php(577): CodeIgniter\Model->doFind(false, NULL)
#5 C:\Users\User\Desktop\codeigniterprojects\aiist-net-project\app\Controllers\CertificateController.php(131): CodeIgniter\BaseModel->find()
#6 C:\Users\User\Desktop\codeigniterprojects\aiist-net-project\system\CodeIgniter.php(941): App\Controllers\CertificateController->vfy('img', 'favicon.png')
#7 C:\Users\User\Desktop\codeigniterprojects\aiist-net-project\system\CodeIgniter.php(502): CodeIgniter\CodeIgniter->runController(Object(App\Controllers\CertificateController))
#8 C:\Users\User\Desktop\codeigniterprojects\aiist-net-project\system\CodeIgniter.php(361): CodeIgniter\CodeIgniter->handleRequest(NULL, Object(Config\Cache), false)
#9 C:\Users\User\Desktop\codeigniterprojects\aiist-net-project\public\index.php(79): CodeIgniter\CodeIgniter->run()
#10 C:\Users\User\Desktop\codeigniterprojects\aiist-net-project\system\Commands\Server\rewrite.php(47): require_once('C:\\Users\\User\\D...')
#11 {main}
CRITICAL - 2024-06-07 14:21:50 --> CodeIgniter\Database\Exceptions\DatabaseException: Unable to connect to the database.
Main connection [MySQLi]: No connection could be made because the target machine actively refused it
in SYSTEMPATH\Database\BaseConnection.php on line 428.
 1 SYSTEMPATH\Database\BaseConnection.php(575): CodeIgniter\Database\BaseConnection->initialize()
 2 SYSTEMPATH\Database\BaseBuilder.php(1616): CodeIgniter\Database\BaseConnection->query('SELECT *
FROM `certificates`
WHERE `certId` = :certId:', [...], false)
 3 SYSTEMPATH\Model.php(202): CodeIgniter\Database\BaseBuilder->get()
 4 SYSTEMPATH\BaseModel.php(577): CodeIgniter\Model->doFind(false, null)
 5 APPPATH\Controllers\CertificateController.php(131): CodeIgniter\BaseModel->find()
 6 SYSTEMPATH\CodeIgniter.php(941): App\Controllers\CertificateController->vfy('img', 'favicon.png')
 7 SYSTEMPATH\CodeIgniter.php(502): CodeIgniter\CodeIgniter->runController(Object(App\Controllers\CertificateController))
 8 SYSTEMPATH\CodeIgniter.php(361): CodeIgniter\CodeIgniter->handleRequest(null, Object(Config\Cache), false)
 9 FCPATH\index.php(79): CodeIgniter\CodeIgniter->run()
10 SYSTEMPATH\Commands\Server\rewrite.php(47): require_once('C:\\Users\\User\\Desktop\\codeigniterprojects\\aiist-net-project\\public\\index.php')
ERROR - 2024-06-07 14:23:34 --> Error connecting to the database: mysqli_sql_exception: No connection could be made because the target machine actively refused it in C:\Users\User\Desktop\codeigniterprojects\aiist-net-project\system\Database\MySQLi\Connection.php:185
Stack trace:
#0 C:\Users\User\Desktop\codeigniterprojects\aiist-net-project\system\Database\MySQLi\Connection.php(185): mysqli->real_connect('localhost', 'root', '', 'aiistdb', 3306, '', 0)
#1 C:\Users\User\Desktop\codeigniterprojects\aiist-net-project\system\Database\BaseConnection.php(392): CodeIgniter\Database\MySQLi\Connection->connect(false)
#2 C:\Users\User\Desktop\codeigniterprojects\aiist-net-project\system\Database\BaseConnection.php(575): CodeIgniter\Database\BaseConnection->initialize()
#3 C:\Users\User\Desktop\codeigniterprojects\aiist-net-project\system\Database\BaseBuilder.php(1616): CodeIgniter\Database\BaseConnection->query('SELECT *\nFROM `...', Array, false)
#4 C:\Users\User\Desktop\codeigniterprojects\aiist-net-project\system\Model.php(202): CodeIgniter\Database\BaseBuilder->get()
#5 C:\Users\User\Desktop\codeigniterprojects\aiist-net-project\system\BaseModel.php(577): CodeIgniter\Model->doFind(false, NULL)
#6 C:\Users\User\Desktop\codeigniterprojects\aiist-net-project\app\Controllers\CertificateController.php(131): CodeIgniter\BaseModel->find()
#7 C:\Users\User\Desktop\codeigniterprojects\aiist-net-project\system\CodeIgniter.php(941): App\Controllers\CertificateController->vfy('img', 'favicon.png')
#8 C:\Users\User\Desktop\codeigniterprojects\aiist-net-project\system\CodeIgniter.php(502): CodeIgniter\CodeIgniter->runController(Object(App\Controllers\CertificateController))
#9 C:\Users\User\Desktop\codeigniterprojects\aiist-net-project\system\CodeIgniter.php(361): CodeIgniter\CodeIgniter->handleRequest(NULL, Object(Config\Cache), false)
#10 C:\Users\User\Desktop\codeigniterprojects\aiist-net-project\public\index.php(79): CodeIgniter\CodeIgniter->run()
#11 C:\Users\User\Desktop\codeigniterprojects\aiist-net-project\system\Commands\Server\rewrite.php(47): require_once('C:\\Users\\User\\D...')
#12 {main}

Next CodeIgniter\Database\Exceptions\DatabaseException: No connection could be made because the target machine actively refused it in C:\Users\User\Desktop\codeigniterprojects\aiist-net-project\system\Database\MySQLi\Connection.php:229
Stack trace:
#0 C:\Users\User\Desktop\codeigniterprojects\aiist-net-project\system\Database\BaseConnection.php(392): CodeIgniter\Database\MySQLi\Connection->connect(false)
#1 C:\Users\User\Desktop\codeigniterprojects\aiist-net-project\system\Database\BaseConnection.php(575): CodeIgniter\Database\BaseConnection->initialize()
#2 C:\Users\User\Desktop\codeigniterprojects\aiist-net-project\system\Database\BaseBuilder.php(1616): CodeIgniter\Database\BaseConnection->query('SELECT *\nFROM `...', Array, false)
#3 C:\Users\User\Desktop\codeigniterprojects\aiist-net-project\system\Model.php(202): CodeIgniter\Database\BaseBuilder->get()
#4 C:\Users\User\Desktop\codeigniterprojects\aiist-net-project\system\BaseModel.php(577): CodeIgniter\Model->doFind(false, NULL)
#5 C:\Users\User\Desktop\codeigniterprojects\aiist-net-project\app\Controllers\CertificateController.php(131): CodeIgniter\BaseModel->find()
#6 C:\Users\User\Desktop\codeigniterprojects\aiist-net-project\system\CodeIgniter.php(941): App\Controllers\CertificateController->vfy('img', 'favicon.png')
#7 C:\Users\User\Desktop\codeigniterprojects\aiist-net-project\system\CodeIgniter.php(502): CodeIgniter\CodeIgniter->runController(Object(App\Controllers\CertificateController))
#8 C:\Users\User\Desktop\codeigniterprojects\aiist-net-project\system\CodeIgniter.php(361): CodeIgniter\CodeIgniter->handleRequest(NULL, Object(Config\Cache), false)
#9 C:\Users\User\Desktop\codeigniterprojects\aiist-net-project\public\index.php(79): CodeIgniter\CodeIgniter->run()
#10 C:\Users\User\Desktop\codeigniterprojects\aiist-net-project\system\Commands\Server\rewrite.php(47): require_once('C:\\Users\\User\\D...')
#11 {main}
CRITICAL - 2024-06-07 14:23:34 --> CodeIgniter\Database\Exceptions\DatabaseException: Unable to connect to the database.
Main connection [MySQLi]: No connection could be made because the target machine actively refused it
in SYSTEMPATH\Database\BaseConnection.php on line 428.
 1 SYSTEMPATH\Database\BaseConnection.php(575): CodeIgniter\Database\BaseConnection->initialize()
 2 SYSTEMPATH\Database\BaseBuilder.php(1616): CodeIgniter\Database\BaseConnection->query('SELECT *
FROM `certificates`
WHERE `certId` = :certId:', [...], false)
 3 SYSTEMPATH\Model.php(202): CodeIgniter\Database\BaseBuilder->get()
 4 SYSTEMPATH\BaseModel.php(577): CodeIgniter\Model->doFind(false, null)
 5 APPPATH\Controllers\CertificateController.php(131): CodeIgniter\BaseModel->find()
 6 SYSTEMPATH\CodeIgniter.php(941): App\Controllers\CertificateController->vfy('img', 'favicon.png')
 7 SYSTEMPATH\CodeIgniter.php(502): CodeIgniter\CodeIgniter->runController(Object(App\Controllers\CertificateController))
 8 SYSTEMPATH\CodeIgniter.php(361): CodeIgniter\CodeIgniter->handleRequest(null, Object(Config\Cache), false)
 9 FCPATH\index.php(79): CodeIgniter\CodeIgniter->run()
10 SYSTEMPATH\Commands\Server\rewrite.php(47): require_once('C:\\Users\\User\\Desktop\\codeigniterprojects\\aiist-net-project\\public\\index.php')
ERROR - 2024-06-07 14:35:40 --> Error connecting to the database: mysqli_sql_exception: No connection could be made because the target machine actively refused it in C:\Users\User\Desktop\codeigniterprojects\aiist-net-project\system\Database\MySQLi\Connection.php:185
Stack trace:
#0 C:\Users\User\Desktop\codeigniterprojects\aiist-net-project\system\Database\MySQLi\Connection.php(185): mysqli->real_connect('localhost', 'root', '', 'aiistdb', 3306, '', 0)
#1 C:\Users\User\Desktop\codeigniterprojects\aiist-net-project\system\Database\BaseConnection.php(392): CodeIgniter\Database\MySQLi\Connection->connect(false)
#2 C:\Users\User\Desktop\codeigniterprojects\aiist-net-project\system\Database\BaseConnection.php(575): CodeIgniter\Database\BaseConnection->initialize()
#3 C:\Users\User\Desktop\codeigniterprojects\aiist-net-project\system\Database\BaseBuilder.php(1616): CodeIgniter\Database\BaseConnection->query('SELECT *\nFROM `...', Array, false)
#4 C:\Users\User\Desktop\codeigniterprojects\aiist-net-project\system\Model.php(202): CodeIgniter\Database\BaseBuilder->get()
#5 C:\Users\User\Desktop\codeigniterprojects\aiist-net-project\system\BaseModel.php(577): CodeIgniter\Model->doFind(false, NULL)
#6 C:\Users\User\Desktop\codeigniterprojects\aiist-net-project\app\Controllers\CertificateController.php(131): CodeIgniter\BaseModel->find()
#7 C:\Users\User\Desktop\codeigniterprojects\aiist-net-project\system\CodeIgniter.php(941): App\Controllers\CertificateController->vfy('img', 'favicon.png')
#8 C:\Users\User\Desktop\codeigniterprojects\aiist-net-project\system\CodeIgniter.php(502): CodeIgniter\CodeIgniter->runController(Object(App\Controllers\CertificateController))
#9 C:\Users\User\Desktop\codeigniterprojects\aiist-net-project\system\CodeIgniter.php(361): CodeIgniter\CodeIgniter->handleRequest(NULL, Object(Config\Cache), false)
#10 C:\Users\User\Desktop\codeigniterprojects\aiist-net-project\public\index.php(79): CodeIgniter\CodeIgniter->run()
#11 C:\Users\User\Desktop\codeigniterprojects\aiist-net-project\system\Commands\Server\rewrite.php(47): require_once('C:\\Users\\User\\D...')
#12 {main}

Next CodeIgniter\Database\Exceptions\DatabaseException: No connection could be made because the target machine actively refused it in C:\Users\User\Desktop\codeigniterprojects\aiist-net-project\system\Database\MySQLi\Connection.php:229
Stack trace:
#0 C:\Users\User\Desktop\codeigniterprojects\aiist-net-project\system\Database\BaseConnection.php(392): CodeIgniter\Database\MySQLi\Connection->connect(false)
#1 C:\Users\User\Desktop\codeigniterprojects\aiist-net-project\system\Database\BaseConnection.php(575): CodeIgniter\Database\BaseConnection->initialize()
#2 C:\Users\User\Desktop\codeigniterprojects\aiist-net-project\system\Database\BaseBuilder.php(1616): CodeIgniter\Database\BaseConnection->query('SELECT *\nFROM `...', Array, false)
#3 C:\Users\User\Desktop\codeigniterprojects\aiist-net-project\system\Model.php(202): CodeIgniter\Database\BaseBuilder->get()
#4 C:\Users\User\Desktop\codeigniterprojects\aiist-net-project\system\BaseModel.php(577): CodeIgniter\Model->doFind(false, NULL)
#5 C:\Users\User\Desktop\codeigniterprojects\aiist-net-project\app\Controllers\CertificateController.php(131): CodeIgniter\BaseModel->find()
#6 C:\Users\User\Desktop\codeigniterprojects\aiist-net-project\system\CodeIgniter.php(941): App\Controllers\CertificateController->vfy('img', 'favicon.png')
#7 C:\Users\User\Desktop\codeigniterprojects\aiist-net-project\system\CodeIgniter.php(502): CodeIgniter\CodeIgniter->runController(Object(App\Controllers\CertificateController))
#8 C:\Users\User\Desktop\codeigniterprojects\aiist-net-project\system\CodeIgniter.php(361): CodeIgniter\CodeIgniter->handleRequest(NULL, Object(Config\Cache), false)
#9 C:\Users\User\Desktop\codeigniterprojects\aiist-net-project\public\index.php(79): CodeIgniter\CodeIgniter->run()
#10 C:\Users\User\Desktop\codeigniterprojects\aiist-net-project\system\Commands\Server\rewrite.php(47): require_once('C:\\Users\\User\\D...')
#11 {main}
CRITICAL - 2024-06-07 14:35:40 --> CodeIgniter\Database\Exceptions\DatabaseException: Unable to connect to the database.
Main connection [MySQLi]: No connection could be made because the target machine actively refused it
in SYSTEMPATH\Database\BaseConnection.php on line 428.
 1 SYSTEMPATH\Database\BaseConnection.php(575): CodeIgniter\Database\BaseConnection->initialize()
 2 SYSTEMPATH\Database\BaseBuilder.php(1616): CodeIgniter\Database\BaseConnection->query('SELECT *
FROM `certificates`
WHERE `certId` = :certId:', [...], false)
 3 SYSTEMPATH\Model.php(202): CodeIgniter\Database\BaseBuilder->get()
 4 SYSTEMPATH\BaseModel.php(577): CodeIgniter\Model->doFind(false, null)
 5 APPPATH\Controllers\CertificateController.php(131): CodeIgniter\BaseModel->find()
 6 SYSTEMPATH\CodeIgniter.php(941): App\Controllers\CertificateController->vfy('img', 'favicon.png')
 7 SYSTEMPATH\CodeIgniter.php(502): CodeIgniter\CodeIgniter->runController(Object(App\Controllers\CertificateController))
 8 SYSTEMPATH\CodeIgniter.php(361): CodeIgniter\CodeIgniter->handleRequest(null, Object(Config\Cache), false)
 9 FCPATH\index.php(79): CodeIgniter\CodeIgniter->run()
10 SYSTEMPATH\Commands\Server\rewrite.php(47): require_once('C:\\Users\\User\\Desktop\\codeigniterprojects\\aiist-net-project\\public\\index.php')
ERROR - 2024-06-07 14:35:48 --> Error connecting to the database: mysqli_sql_exception: No connection could be made because the target machine actively refused it in C:\Users\User\Desktop\codeigniterprojects\aiist-net-project\system\Database\MySQLi\Connection.php:185
Stack trace:
#0 C:\Users\User\Desktop\codeigniterprojects\aiist-net-project\system\Database\MySQLi\Connection.php(185): mysqli->real_connect('localhost', 'root', '', 'aiistdb', 3306, '', 0)
#1 C:\Users\User\Desktop\codeigniterprojects\aiist-net-project\system\Database\BaseConnection.php(392): CodeIgniter\Database\MySQLi\Connection->connect(false)
#2 C:\Users\User\Desktop\codeigniterprojects\aiist-net-project\system\Database\BaseConnection.php(575): CodeIgniter\Database\BaseConnection->initialize()
#3 C:\Users\User\Desktop\codeigniterprojects\aiist-net-project\system\Database\BaseBuilder.php(1616): CodeIgniter\Database\BaseConnection->query('SELECT *\nFROM `...', Array, false)
#4 C:\Users\User\Desktop\codeigniterprojects\aiist-net-project\system\Model.php(202): CodeIgniter\Database\BaseBuilder->get()
#5 C:\Users\User\Desktop\codeigniterprojects\aiist-net-project\system\BaseModel.php(577): CodeIgniter\Model->doFind(false, NULL)
#6 C:\Users\User\Desktop\codeigniterprojects\aiist-net-project\app\Controllers\CertificateController.php(131): CodeIgniter\BaseModel->find()
#7 C:\Users\User\Desktop\codeigniterprojects\aiist-net-project\system\CodeIgniter.php(941): App\Controllers\CertificateController->vfy('689g8')
#8 C:\Users\User\Desktop\codeigniterprojects\aiist-net-project\system\CodeIgniter.php(502): CodeIgniter\CodeIgniter->runController(Object(App\Controllers\CertificateController))
#9 C:\Users\User\Desktop\codeigniterprojects\aiist-net-project\system\CodeIgniter.php(361): CodeIgniter\CodeIgniter->handleRequest(NULL, Object(Config\Cache), false)
#10 C:\Users\User\Desktop\codeigniterprojects\aiist-net-project\public\index.php(79): CodeIgniter\CodeIgniter->run()
#11 C:\Users\User\Desktop\codeigniterprojects\aiist-net-project\system\Commands\Server\rewrite.php(47): require_once('C:\\Users\\User\\D...')
#12 {main}

Next CodeIgniter\Database\Exceptions\DatabaseException: No connection could be made because the target machine actively refused it in C:\Users\User\Desktop\codeigniterprojects\aiist-net-project\system\Database\MySQLi\Connection.php:229
Stack trace:
#0 C:\Users\User\Desktop\codeigniterprojects\aiist-net-project\system\Database\BaseConnection.php(392): CodeIgniter\Database\MySQLi\Connection->connect(false)
#1 C:\Users\User\Desktop\codeigniterprojects\aiist-net-project\system\Database\BaseConnection.php(575): CodeIgniter\Database\BaseConnection->initialize()
#2 C:\Users\User\Desktop\codeigniterprojects\aiist-net-project\system\Database\BaseBuilder.php(1616): CodeIgniter\Database\BaseConnection->query('SELECT *\nFROM `...', Array, false)
#3 C:\Users\User\Desktop\codeigniterprojects\aiist-net-project\system\Model.php(202): CodeIgniter\Database\BaseBuilder->get()
#4 C:\Users\User\Desktop\codeigniterprojects\aiist-net-project\system\BaseModel.php(577): CodeIgniter\Model->doFind(false, NULL)
#5 C:\Users\User\Desktop\codeigniterprojects\aiist-net-project\app\Controllers\CertificateController.php(131): CodeIgniter\BaseModel->find()
#6 C:\Users\User\Desktop\codeigniterprojects\aiist-net-project\system\CodeIgniter.php(941): App\Controllers\CertificateController->vfy('689g8')
#7 C:\Users\User\Desktop\codeigniterprojects\aiist-net-project\system\CodeIgniter.php(502): CodeIgniter\CodeIgniter->runController(Object(App\Controllers\CertificateController))
#8 C:\Users\User\Desktop\codeigniterprojects\aiist-net-project\system\CodeIgniter.php(361): CodeIgniter\CodeIgniter->handleRequest(NULL, Object(Config\Cache), false)
#9 C:\Users\User\Desktop\codeigniterprojects\aiist-net-project\public\index.php(79): CodeIgniter\CodeIgniter->run()
#10 C:\Users\User\Desktop\codeigniterprojects\aiist-net-project\system\Commands\Server\rewrite.php(47): require_once('C:\\Users\\User\\D...')
#11 {main}
CRITICAL - 2024-06-07 14:35:48 --> CodeIgniter\Database\Exceptions\DatabaseException: Unable to connect to the database.
Main connection [MySQLi]: No connection could be made because the target machine actively refused it
in SYSTEMPATH\Database\BaseConnection.php on line 428.
 1 SYSTEMPATH\Database\BaseConnection.php(575): CodeIgniter\Database\BaseConnection->initialize()
 2 SYSTEMPATH\Database\BaseBuilder.php(1616): CodeIgniter\Database\BaseConnection->query('SELECT *
FROM `certificates`
WHERE `certId` = :certId:', [...], false)
 3 SYSTEMPATH\Model.php(202): CodeIgniter\Database\BaseBuilder->get()
 4 SYSTEMPATH\BaseModel.php(577): CodeIgniter\Model->doFind(false, null)
 5 APPPATH\Controllers\CertificateController.php(131): CodeIgniter\BaseModel->find()
 6 SYSTEMPATH\CodeIgniter.php(941): App\Controllers\CertificateController->vfy('689g8')
 7 SYSTEMPATH\CodeIgniter.php(502): CodeIgniter\CodeIgniter->runController(Object(App\Controllers\CertificateController))
 8 SYSTEMPATH\CodeIgniter.php(361): CodeIgniter\CodeIgniter->handleRequest(null, Object(Config\Cache), false)
 9 FCPATH\index.php(79): CodeIgniter\CodeIgniter->run()
10 SYSTEMPATH\Commands\Server\rewrite.php(47): require_once('C:\\Users\\User\\Desktop\\codeigniterprojects\\aiist-net-project\\public\\index.php')
INFO - 2024-06-07 15:39:26 --> Session: Class initialized using 'CodeIgniter\Session\Handlers\FileHandler' driver.
INFO - 2024-06-07 15:39:27 --> Session: Class initialized using 'CodeIgniter\Session\Handlers\FileHandler' driver.
INFO - 2024-06-07 15:39:33 --> Session: Class initialized using 'CodeIgniter\Session\Handlers\FileHandler' driver.
INFO - 2024-06-07 15:39:34 --> Session: Class initialized using 'CodeIgniter\Session\Handlers\FileHandler' driver.
INFO - 2024-06-07 15:39:49 --> Session: Class initialized using 'CodeIgniter\Session\Handlers\FileHandler' driver.
INFO - 2024-06-07 15:39:58 --> Session: Class initialized using 'CodeIgniter\Session\Handlers\FileHandler' driver.
INFO - 2024-06-07 15:40:07 --> Session: Class initialized using 'CodeIgniter\Session\Handlers\FileHandler' driver.
CRITICAL - 2024-06-07 15:40:07 --> ErrorException: Undefined array key 0
in APPPATH\Views\dashboard\certificate_view.php on line 12.
 1 APPPATH\Views\dashboard\certificate_view.php(12): CodeIgniter\Debug\Exceptions->errorHandler(2, 'Undefined array key 0', 'C:\\Users\\User\\Desktop\\codeigniterprojects\\aiist-net-project\\app\\Views\\dashboard\\certificate_view.php', 12)
 2 SYSTEMPATH\View\View.php(228): include('C:\\Users\\User\\Desktop\\codeigniterprojects\\aiist-net-project\\app\\Views\\dashboard\\certificate_view.php')
 3 SYSTEMPATH\View\View.php(231): CodeIgniter\View\View->CodeIgniter\View\{closure}()
 4 SYSTEMPATH\Common.php(1178): CodeIgniter\View\View->render('dashboard/certificate_view', [], true)
 5 APPPATH\Controllers\CertificateController.php(115): view('dashboard/certificate_view', [...])
 6 SYSTEMPATH\CodeIgniter.php(941): App\Controllers\CertificateController->view_certificate('img', 'favicon.ico')
 7 SYSTEMPATH\CodeIgniter.php(502): CodeIgniter\CodeIgniter->runController(Object(App\Controllers\CertificateController))
 8 SYSTEMPATH\CodeIgniter.php(361): CodeIgniter\CodeIgniter->handleRequest(null, Object(Config\Cache), false)
 9 FCPATH\index.php(79): CodeIgniter\CodeIgniter->run()
10 SYSTEMPATH\Commands\Server\rewrite.php(47): require_once('C:\\Users\\User\\Desktop\\codeigniterprojects\\aiist-net-project\\public\\index.php')
INFO - 2024-06-07 15:41:51 --> Session: Class initialized using 'CodeIgniter\Session\Handlers\FileHandler' driver.
INFO - 2024-06-07 15:42:17 --> Session: Class initialized using 'CodeIgniter\Session\Handlers\FileHandler' driver.
INFO - 2024-06-07 15:42:31 --> Session: Class initialized using 'CodeIgniter\Session\Handlers\FileHandler' driver.
INFO - 2024-06-07 15:42:32 --> Session: Class initialized using 'CodeIgniter\Session\Handlers\FileHandler' driver.
