INFO - 2024-02-25 15:40:55 --> Session: Class initialized using 'CodeIgniter\Session\Handlers\FileHandler' driver.
INFO - 2024-02-25 15:40:55 --> Session: Class initialized using 'CodeIgniter\Session\Handlers\FileHandler' driver.
INFO - 2024-02-25 15:41:19 --> Session: Class initialized using 'CodeIgniter\Session\Handlers\FileHandler' driver.
INFO - 2024-02-25 15:41:20 --> Session: Class initialized using 'CodeIgniter\Session\Handlers\FileHandler' driver.
INFO - 2024-02-25 15:43:46 --> Session: Class initialized using 'CodeIgniter\Session\Handlers\FileHandler' driver.
INFO - 2024-02-25 15:44:11 --> Session: Class initialized using 'CodeIgniter\Session\Handlers\FileHandler' driver.
INFO - 2024-02-25 15:44:23 --> Session: Class initialized using 'CodeIgniter\Session\Handlers\FileHandler' driver.
INFO - 2024-02-25 15:44:24 --> Session: Class initialized using 'CodeIgniter\Session\Handlers\FileHandler' driver.
INFO - 2024-02-25 16:13:40 --> Session: Class initialized using 'CodeIgniter\Session\Handlers\FileHandler' driver.
CRITICAL - 2024-02-25 16:13:41 --> Error: Class "App\Models\CourseModel" not found
in APPPATH\Controllers\DashboardController.php on line 21.
 1 SYSTEMPATH\CodeIgniter.php(941): App\Controllers\DashboardController->index()
 2 SYSTEMPATH\CodeIgniter.php(502): CodeIgniter\CodeIgniter->runController(Object(App\Controllers\DashboardController))
 3 SYSTEMPATH\CodeIgniter.php(361): CodeIgniter\CodeIgniter->handleRequest(null, Object(Config\Cache), false)
 4 FCPATH\index.php(79): CodeIgniter\CodeIgniter->run()
 5 SYSTEMPATH\Commands\Server\rewrite.php(47): require_once('C:\\Users\\User\\Desktop\\codeigniterprojects\\aiist-dot-net\\public\\index.php')
INFO - 2024-02-25 16:14:54 --> Session: Class initialized using 'CodeIgniter\Session\Handlers\FileHandler' driver.
CRITICAL - 2024-02-25 16:14:54 --> ErrorException: Undefined variable $Career
in APPPATH\Controllers\DashboardController.php on line 29.
 1 APPPATH\Controllers\DashboardController.php(29): CodeIgniter\Debug\Exceptions->errorHandler(2, 'Undefined variable $Career', 'C:\\Users\\User\\Desktop\\codeigniterprojects\\aiist-dot-net\\app\\Controllers\\DashboardController.php', 29)
 2 SYSTEMPATH\CodeIgniter.php(941): App\Controllers\DashboardController->index()
 3 SYSTEMPATH\CodeIgniter.php(502): CodeIgniter\CodeIgniter->runController(Object(App\Controllers\DashboardController))
 4 SYSTEMPATH\CodeIgniter.php(361): CodeIgniter\CodeIgniter->handleRequest(null, Object(Config\Cache), false)
 5 FCPATH\index.php(79): CodeIgniter\CodeIgniter->run()
 6 SYSTEMPATH\Commands\Server\rewrite.php(47): require_once('C:\\Users\\User\\Desktop\\codeigniterprojects\\aiist-dot-net\\public\\index.php')
INFO - 2024-02-25 16:15:43 --> Session: Class initialized using 'CodeIgniter\Session\Handlers\FileHandler' driver.
ERROR - 2024-02-25 16:15:43 --> mysqli_sql_exception: Unknown column 'o.courseOrderNo' in 'on clause' in C:\Users\User\Desktop\codeigniterprojects\aiist-dot-net\system\Database\MySQLi\Connection.php:306
Stack trace:
#0 C:\Users\User\Desktop\codeigniterprojects\aiist-dot-net\system\Database\MySQLi\Connection.php(306): mysqli->query('SELECT *\nFROM (...', 0)
#1 C:\Users\User\Desktop\codeigniterprojects\aiist-dot-net\system\Database\BaseConnection.php(693): CodeIgniter\Database\MySQLi\Connection->execute('SELECT *\nFROM (...')
#2 C:\Users\User\Desktop\codeigniterprojects\aiist-dot-net\system\Database\BaseConnection.php(607): CodeIgniter\Database\BaseConnection->simpleQuery('SELECT *\nFROM (...')
#3 C:\Users\User\Desktop\codeigniterprojects\aiist-dot-net\system\Database\BaseBuilder.php(1616): CodeIgniter\Database\BaseConnection->query('SELECT *\nFROM (...', Array, false)
#4 C:\Users\User\Desktop\codeigniterprojects\aiist-dot-net\system\Model.php(872): CodeIgniter\Database\BaseBuilder->get()
#5 C:\Users\User\Desktop\codeigniterprojects\aiist-dot-net\app\Controllers\DashboardController.php(37): CodeIgniter\Model->__call('get', Array)
#6 C:\Users\User\Desktop\codeigniterprojects\aiist-dot-net\system\CodeIgniter.php(941): App\Controllers\DashboardController->index()
#7 C:\Users\User\Desktop\codeigniterprojects\aiist-dot-net\system\CodeIgniter.php(502): CodeIgniter\CodeIgniter->runController(Object(App\Controllers\DashboardController))
#8 C:\Users\User\Desktop\codeigniterprojects\aiist-dot-net\system\CodeIgniter.php(361): CodeIgniter\CodeIgniter->handleRequest(NULL, Object(Config\Cache), false)
#9 C:\Users\User\Desktop\codeigniterprojects\aiist-dot-net\public\index.php(79): CodeIgniter\CodeIgniter->run()
#10 C:\Users\User\Desktop\codeigniterprojects\aiist-dot-net\system\Commands\Server\rewrite.php(47): require_once('C:\\Users\\User\\D...')
#11 {main}
CRITICAL - 2024-02-25 16:15:43 --> CodeIgniter\Database\Exceptions\DatabaseException: Unknown column 'o.courseOrderNo' in 'on clause'
in SYSTEMPATH\Database\BaseConnection.php on line 647.
 1 SYSTEMPATH\Database\BaseBuilder.php(1616): CodeIgniter\Database\BaseConnection->query('SELECT *
FROM (`ordertable`, `ordertable` `o`)
JOIN `customer_table` `c` ON `o`.`courseOrderNo` = `c`.`orderNo`
GROUP BY `c`.`orderNo`
ORDER BY `o`.`courseOrderNo` ASC', [], false)
 2 SYSTEMPATH\Model.php(872): CodeIgniter\Database\BaseBuilder->get()
 3 APPPATH\Controllers\DashboardController.php(37): CodeIgniter\Model->__call('get', [])
 4 SYSTEMPATH\CodeIgniter.php(941): App\Controllers\DashboardController->index()
 5 SYSTEMPATH\CodeIgniter.php(502): CodeIgniter\CodeIgniter->runController(Object(App\Controllers\DashboardController))
 6 SYSTEMPATH\CodeIgniter.php(361): CodeIgniter\CodeIgniter->handleRequest(null, Object(Config\Cache), false)
 7 FCPATH\index.php(79): CodeIgniter\CodeIgniter->run()
 8 SYSTEMPATH\Commands\Server\rewrite.php(47): require_once('C:\\Users\\User\\Desktop\\codeigniterprojects\\aiist-dot-net\\public\\index.php')
CRITICAL - 2024-02-25 16:15:43 --> [Caused by] CodeIgniter\Database\Exceptions\DatabaseException: Unknown column 'o.courseOrderNo' in 'on clause'
in SYSTEMPATH\Database\MySQLi\Connection.php on line 311.
 1 SYSTEMPATH\Database\BaseConnection.php(693): CodeIgniter\Database\MySQLi\Connection->execute('SELECT *
FROM (`ordertable`, `ordertable` `o`)
JOIN `customer_table` `c` ON `o`.`courseOrderNo` = `c`.`orderNo`
GROUP BY `c`.`orderNo`
ORDER BY `o`.`courseOrderNo` ASC')
 2 SYSTEMPATH\Database\BaseConnection.php(607): CodeIgniter\Database\BaseConnection->simpleQuery('SELECT *
FROM (`ordertable`, `ordertable` `o`)
JOIN `customer_table` `c` ON `o`.`courseOrderNo` = `c`.`orderNo`
GROUP BY `c`.`orderNo`
ORDER BY `o`.`courseOrderNo` ASC')
 3 SYSTEMPATH\Database\BaseBuilder.php(1616): CodeIgniter\Database\BaseConnection->query('SELECT *
FROM (`ordertable`, `ordertable` `o`)
JOIN `customer_table` `c` ON `o`.`courseOrderNo` = `c`.`orderNo`
GROUP BY `c`.`orderNo`
ORDER BY `o`.`courseOrderNo` ASC', [], false)
 4 SYSTEMPATH\Model.php(872): CodeIgniter\Database\BaseBuilder->get()
 5 APPPATH\Controllers\DashboardController.php(37): CodeIgniter\Model->__call('get', [])
 6 SYSTEMPATH\CodeIgniter.php(941): App\Controllers\DashboardController->index()
 7 SYSTEMPATH\CodeIgniter.php(502): CodeIgniter\CodeIgniter->runController(Object(App\Controllers\DashboardController))
 8 SYSTEMPATH\CodeIgniter.php(361): CodeIgniter\CodeIgniter->handleRequest(null, Object(Config\Cache), false)
 9 FCPATH\index.php(79): CodeIgniter\CodeIgniter->run()
10 SYSTEMPATH\Commands\Server\rewrite.php(47): require_once('C:\\Users\\User\\Desktop\\codeigniterprojects\\aiist-dot-net\\public\\index.php')
CRITICAL - 2024-02-25 16:15:43 --> [Caused by] mysqli_sql_exception: Unknown column 'o.courseOrderNo' in 'on clause'
in SYSTEMPATH\Database\MySQLi\Connection.php on line 306.
 1 SYSTEMPATH\Database\MySQLi\Connection.php(306): mysqli->query('SELECT *
FROM (`ordertable`, `ordertable` `o`)
JOIN `customer_table` `c` ON `o`.`courseOrderNo` = `c`.`orderNo`
GROUP BY `c`.`orderNo`
ORDER BY `o`.`courseOrderNo` ASC', 0)
 2 SYSTEMPATH\Database\BaseConnection.php(693): CodeIgniter\Database\MySQLi\Connection->execute('SELECT *
FROM (`ordertable`, `ordertable` `o`)
JOIN `customer_table` `c` ON `o`.`courseOrderNo` = `c`.`orderNo`
GROUP BY `c`.`orderNo`
ORDER BY `o`.`courseOrderNo` ASC')
 3 SYSTEMPATH\Database\BaseConnection.php(607): CodeIgniter\Database\BaseConnection->simpleQuery('SELECT *
FROM (`ordertable`, `ordertable` `o`)
JOIN `customer_table` `c` ON `o`.`courseOrderNo` = `c`.`orderNo`
GROUP BY `c`.`orderNo`
ORDER BY `o`.`courseOrderNo` ASC')
 4 SYSTEMPATH\Database\BaseBuilder.php(1616): CodeIgniter\Database\BaseConnection->query('SELECT *
FROM (`ordertable`, `ordertable` `o`)
JOIN `customer_table` `c` ON `o`.`courseOrderNo` = `c`.`orderNo`
GROUP BY `c`.`orderNo`
ORDER BY `o`.`courseOrderNo` ASC', [], false)
 5 SYSTEMPATH\Model.php(872): CodeIgniter\Database\BaseBuilder->get()
 6 APPPATH\Controllers\DashboardController.php(37): CodeIgniter\Model->__call('get', [])
 7 SYSTEMPATH\CodeIgniter.php(941): App\Controllers\DashboardController->index()
 8 SYSTEMPATH\CodeIgniter.php(502): CodeIgniter\CodeIgniter->runController(Object(App\Controllers\DashboardController))
 9 SYSTEMPATH\CodeIgniter.php(361): CodeIgniter\CodeIgniter->handleRequest(null, Object(Config\Cache), false)
10 FCPATH\index.php(79): CodeIgniter\CodeIgniter->run()
11 SYSTEMPATH\Commands\Server\rewrite.php(47): require_once('C:\\Users\\User\\Desktop\\codeigniterprojects\\aiist-dot-net\\public\\index.php')
INFO - 2024-02-25 16:20:18 --> Session: Class initialized using 'CodeIgniter\Session\Handlers\FileHandler' driver.
CRITICAL - 2024-02-25 16:20:18 --> TypeError: count(): Argument #1 ($value) must be of type Countable|array, null given
in APPPATH\Views\dashboard\index.php on line 15.
 1 SYSTEMPATH\View\View.php(228): include()
 2 SYSTEMPATH\View\View.php(231): CodeIgniter\View\View->CodeIgniter\View\{closure}()
 3 SYSTEMPATH\Common.php(1178): CodeIgniter\View\View->render('dashboard/index', [], true)
 4 APPPATH\Controllers\DashboardController.php(43): view('dashboard/index', [...])
 5 SYSTEMPATH\CodeIgniter.php(941): App\Controllers\DashboardController->index()
 6 SYSTEMPATH\CodeIgniter.php(502): CodeIgniter\CodeIgniter->runController(Object(App\Controllers\DashboardController))
 7 SYSTEMPATH\CodeIgniter.php(361): CodeIgniter\CodeIgniter->handleRequest(null, Object(Config\Cache), false)
 8 FCPATH\index.php(79): CodeIgniter\CodeIgniter->run()
 9 SYSTEMPATH\Commands\Server\rewrite.php(47): require_once('C:\\Users\\User\\Desktop\\codeigniterprojects\\aiist-dot-net\\public\\index.php')
CRITICAL - 2024-02-25 16:20:18 --> [Caused by] ErrorException: Undefined variable $services
in APPPATH\Views\dashboard\index.php on line 15.
 1 APPPATH\Views\dashboard\index.php(15): CodeIgniter\Debug\Exceptions->errorHandler(2, 'Undefined variable $services', 'C:\\Users\\User\\Desktop\\codeigniterprojects\\aiist-dot-net\\app\\Views\\dashboard\\index.php', 15)
 2 SYSTEMPATH\View\View.php(228): include('C:\\Users\\User\\Desktop\\codeigniterprojects\\aiist-dot-net\\app\\Views\\dashboard\\index.php')
 3 SYSTEMPATH\View\View.php(231): CodeIgniter\View\View->CodeIgniter\View\{closure}()
 4 SYSTEMPATH\Common.php(1178): CodeIgniter\View\View->render('dashboard/index', [], true)
 5 APPPATH\Controllers\DashboardController.php(43): view('dashboard/index', [...])
 6 SYSTEMPATH\CodeIgniter.php(941): App\Controllers\DashboardController->index()
 7 SYSTEMPATH\CodeIgniter.php(502): CodeIgniter\CodeIgniter->runController(Object(App\Controllers\DashboardController))
 8 SYSTEMPATH\CodeIgniter.php(361): CodeIgniter\CodeIgniter->handleRequest(null, Object(Config\Cache), false)
 9 FCPATH\index.php(79): CodeIgniter\CodeIgniter->run()
10 SYSTEMPATH\Commands\Server\rewrite.php(47): require_once('C:\\Users\\User\\Desktop\\codeigniterprojects\\aiist-dot-net\\public\\index.php')
INFO - 2024-02-25 16:22:35 --> Session: Class initialized using 'CodeIgniter\Session\Handlers\FileHandler' driver.
CRITICAL - 2024-02-25 16:22:35 --> ErrorException: Undefined property: stdClass::$serviceOrderNo
in APPPATH\Views\dashboard\index.php on line 78.
 1 APPPATH\Views\dashboard\index.php(78): CodeIgniter\Debug\Exceptions->errorHandler(2, 'Undefined property: stdClass::$serviceOrderNo', 'C:\\Users\\User\\Desktop\\codeigniterprojects\\aiist-dot-net\\app\\Views\\dashboard\\index.php', 78)
 2 SYSTEMPATH\View\View.php(228): include('C:\\Users\\User\\Desktop\\codeigniterprojects\\aiist-dot-net\\app\\Views\\dashboard\\index.php')
 3 SYSTEMPATH\View\View.php(231): CodeIgniter\View\View->CodeIgniter\View\{closure}()
 4 SYSTEMPATH\Common.php(1178): CodeIgniter\View\View->render('dashboard/index', [], true)
 5 APPPATH\Controllers\DashboardController.php(43): view('dashboard/index', [...])
 6 SYSTEMPATH\CodeIgniter.php(941): App\Controllers\DashboardController->index()
 7 SYSTEMPATH\CodeIgniter.php(502): CodeIgniter\CodeIgniter->runController(Object(App\Controllers\DashboardController))
 8 SYSTEMPATH\CodeIgniter.php(361): CodeIgniter\CodeIgniter->handleRequest(null, Object(Config\Cache), false)
 9 FCPATH\index.php(79): CodeIgniter\CodeIgniter->run()
10 SYSTEMPATH\Commands\Server\rewrite.php(47): require_once('C:\\Users\\User\\Desktop\\codeigniterprojects\\aiist-dot-net\\public\\index.php')
INFO - 2024-02-25 16:23:45 --> Session: Class initialized using 'CodeIgniter\Session\Handlers\FileHandler' driver.
INFO - 2024-02-25 16:29:22 --> Session: Class initialized using 'CodeIgniter\Session\Handlers\FileHandler' driver.
INFO - 2024-02-25 16:31:59 --> Session: Class initialized using 'CodeIgniter\Session\Handlers\FileHandler' driver.
INFO - 2024-02-25 16:32:12 --> Session: Class initialized using 'CodeIgniter\Session\Handlers\FileHandler' driver.
CRITICAL - 2024-02-25 16:32:12 --> CodeIgniter\View\Exceptions\ViewException: Invalid file: "dashboard/career.php"
in SYSTEMPATH\Exceptions\FrameworkException.php on line 39.
 1 SYSTEMPATH\View\View.php(216): CodeIgniter\Exceptions\FrameworkException::forInvalidFile('dashboard/career.php')
 2 SYSTEMPATH\Common.php(1178): CodeIgniter\View\View->render('dashboard/career', [], true)
 3 APPPATH\Controllers\CareerController.php(94): view('dashboard/career', [...])
 4 SYSTEMPATH\CodeIgniter.php(941): App\Controllers\CareerController->index()
 5 SYSTEMPATH\CodeIgniter.php(502): CodeIgniter\CodeIgniter->runController(Object(App\Controllers\CareerController))
 6 SYSTEMPATH\CodeIgniter.php(361): CodeIgniter\CodeIgniter->handleRequest(null, Object(Config\Cache), false)
 7 FCPATH\index.php(79): CodeIgniter\CodeIgniter->run()
 8 SYSTEMPATH\Commands\Server\rewrite.php(47): require_once('C:\\Users\\User\\Desktop\\codeigniterprojects\\aiist-dot-net\\public\\index.php')
INFO - 2024-02-25 16:34:18 --> Session: Class initialized using 'CodeIgniter\Session\Handlers\FileHandler' driver.
CRITICAL - 2024-02-25 16:34:18 --> ErrorException: include(partials/tables/career_table.php): Failed to open stream: No such file or directory
in APPPATH\Views\dashboard\career.php on line 8.
 1 APPPATH\Views\dashboard\career.php(8): CodeIgniter\Debug\Exceptions->errorHandler(2, 'include(partials/tables/career_table.php): Failed to open stream: No such file or directory', 'C:\\Users\\User\\Desktop\\codeigniterprojects\\aiist-dot-net\\app\\Views\\dashboard\\career.php', 8)
 2 APPPATH\Views\dashboard\career.php(8): include()
 3 SYSTEMPATH\View\View.php(228): include('C:\\Users\\User\\Desktop\\codeigniterprojects\\aiist-dot-net\\app\\Views\\dashboard\\career.php')
 4 SYSTEMPATH\View\View.php(231): CodeIgniter\View\View->CodeIgniter\View\{closure}()
 5 SYSTEMPATH\Common.php(1178): CodeIgniter\View\View->render('dashboard/career', [], true)
 6 APPPATH\Controllers\CareerController.php(94): view('dashboard/career', [...])
 7 SYSTEMPATH\CodeIgniter.php(941): App\Controllers\CareerController->index()
 8 SYSTEMPATH\CodeIgniter.php(502): CodeIgniter\CodeIgniter->runController(Object(App\Controllers\CareerController))
 9 SYSTEMPATH\CodeIgniter.php(361): CodeIgniter\CodeIgniter->handleRequest(null, Object(Config\Cache), false)
10 FCPATH\index.php(79): CodeIgniter\CodeIgniter->run()
11 SYSTEMPATH\Commands\Server\rewrite.php(47): require_once('C:\\Users\\User\\Desktop\\codeigniterprojects\\aiist-dot-net\\public\\index.php')
INFO - 2024-02-25 16:35:59 --> Session: Class initialized using 'CodeIgniter\Session\Handlers\FileHandler' driver.
CRITICAL - 2024-02-25 16:35:59 --> ErrorException: include(partials/forms/create_career_form.php): Failed to open stream: No such file or directory
in APPPATH\Views\dashboard\career.php on line 9.
 1 APPPATH\Views\dashboard\career.php(9): CodeIgniter\Debug\Exceptions->errorHandler(2, 'include(partials/forms/create_career_form.php): Failed to open stream: No such file or directory', 'C:\\Users\\User\\Desktop\\codeigniterprojects\\aiist-dot-net\\app\\Views\\dashboard\\career.php', 9)
 2 APPPATH\Views\dashboard\career.php(9): include()
 3 SYSTEMPATH\View\View.php(228): include('C:\\Users\\User\\Desktop\\codeigniterprojects\\aiist-dot-net\\app\\Views\\dashboard\\career.php')
 4 SYSTEMPATH\View\View.php(231): CodeIgniter\View\View->CodeIgniter\View\{closure}()
 5 SYSTEMPATH\Common.php(1178): CodeIgniter\View\View->render('dashboard/career', [], true)
 6 APPPATH\Controllers\CareerController.php(94): view('dashboard/career', [...])
 7 SYSTEMPATH\CodeIgniter.php(941): App\Controllers\CareerController->index()
 8 SYSTEMPATH\CodeIgniter.php(502): CodeIgniter\CodeIgniter->runController(Object(App\Controllers\CareerController))
 9 SYSTEMPATH\CodeIgniter.php(361): CodeIgniter\CodeIgniter->handleRequest(null, Object(Config\Cache), false)
10 FCPATH\index.php(79): CodeIgniter\CodeIgniter->run()
11 SYSTEMPATH\Commands\Server\rewrite.php(47): require_once('C:\\Users\\User\\Desktop\\codeigniterprojects\\aiist-dot-net\\public\\index.php')
INFO - 2024-02-25 16:36:57 --> Session: Class initialized using 'CodeIgniter\Session\Handlers\FileHandler' driver.
INFO - 2024-02-25 16:38:10 --> Session: Class initialized using 'CodeIgniter\Session\Handlers\FileHandler' driver.
INFO - 2024-02-25 16:40:01 --> Session: Class initialized using 'CodeIgniter\Session\Handlers\FileHandler' driver.
INFO - 2024-02-25 16:40:45 --> Session: Class initialized using 'CodeIgniter\Session\Handlers\FileHandler' driver.
INFO - 2024-02-25 16:43:09 --> Session: Class initialized using 'CodeIgniter\Session\Handlers\FileHandler' driver.
INFO - 2024-02-25 16:43:10 --> Session: Class initialized using 'CodeIgniter\Session\Handlers\FileHandler' driver.
INFO - 2024-02-25 16:43:40 --> Session: Class initialized using 'CodeIgniter\Session\Handlers\FileHandler' driver.
CRITICAL - 2024-02-25 16:43:40 --> CodeIgniter\View\Exceptions\ViewException: Invalid file: "dashboard/edit_career.php"
in SYSTEMPATH\Exceptions\FrameworkException.php on line 39.
 1 SYSTEMPATH\View\View.php(216): CodeIgniter\Exceptions\FrameworkException::forInvalidFile('dashboard/edit_career.php')
 2 SYSTEMPATH\Common.php(1178): CodeIgniter\View\View->render('dashboard/edit_career', [], true)
 3 APPPATH\Controllers\CareerController.php(195): view('dashboard/edit_career', [...])
 4 SYSTEMPATH\CodeIgniter.php(941): App\Controllers\CareerController->edit('1')
 5 SYSTEMPATH\CodeIgniter.php(502): CodeIgniter\CodeIgniter->runController(Object(App\Controllers\CareerController))
 6 SYSTEMPATH\CodeIgniter.php(361): CodeIgniter\CodeIgniter->handleRequest(null, Object(Config\Cache), false)
 7 FCPATH\index.php(79): CodeIgniter\CodeIgniter->run()
 8 SYSTEMPATH\Commands\Server\rewrite.php(47): require_once('C:\\Users\\User\\Desktop\\codeigniterprojects\\aiist-dot-net\\public\\index.php')
INFO - 2024-02-25 16:45:39 --> Session: Class initialized using 'CodeIgniter\Session\Handlers\FileHandler' driver.
CRITICAL - 2024-02-25 16:45:39 --> ErrorException: include(partials/forms/edit_career_form.php): Failed to open stream: No such file or directory
in APPPATH\Views\dashboard\edit_career.php on line 8.
 1 APPPATH\Views\dashboard\edit_career.php(8): CodeIgniter\Debug\Exceptions->errorHandler(2, 'include(partials/forms/edit_career_form.php): Failed to open stream: No such file or directory', 'C:\\Users\\User\\Desktop\\codeigniterprojects\\aiist-dot-net\\app\\Views\\dashboard\\edit_career.php', 8)
 2 APPPATH\Views\dashboard\edit_career.php(8): include()
 3 SYSTEMPATH\View\View.php(228): include('C:\\Users\\User\\Desktop\\codeigniterprojects\\aiist-dot-net\\app\\Views\\dashboard\\edit_career.php')
 4 SYSTEMPATH\View\View.php(231): CodeIgniter\View\View->CodeIgniter\View\{closure}()
 5 SYSTEMPATH\Common.php(1178): CodeIgniter\View\View->render('dashboard/edit_career', [], true)
 6 APPPATH\Controllers\CareerController.php(195): view('dashboard/edit_career', [...])
 7 SYSTEMPATH\CodeIgniter.php(941): App\Controllers\CareerController->edit('1')
 8 SYSTEMPATH\CodeIgniter.php(502): CodeIgniter\CodeIgniter->runController(Object(App\Controllers\CareerController))
 9 SYSTEMPATH\CodeIgniter.php(361): CodeIgniter\CodeIgniter->handleRequest(null, Object(Config\Cache), false)
10 FCPATH\index.php(79): CodeIgniter\CodeIgniter->run()
11 SYSTEMPATH\Commands\Server\rewrite.php(47): require_once('C:\\Users\\User\\Desktop\\codeigniterprojects\\aiist-dot-net\\public\\index.php')
INFO - 2024-02-25 16:46:50 --> Session: Class initialized using 'CodeIgniter\Session\Handlers\FileHandler' driver.
INFO - 2024-02-25 16:47:02 --> Session: Class initialized using 'CodeIgniter\Session\Handlers\FileHandler' driver.
INFO - 2024-02-25 16:47:02 --> Session: Class initialized using 'CodeIgniter\Session\Handlers\FileHandler' driver.
INFO - 2024-02-25 16:47:48 --> Session: Class initialized using 'CodeIgniter\Session\Handlers\FileHandler' driver.
INFO - 2024-02-25 16:47:48 --> Session: Class initialized using 'CodeIgniter\Session\Handlers\FileHandler' driver.
INFO - 2024-02-25 16:49:16 --> Session: Class initialized using 'CodeIgniter\Session\Handlers\FileHandler' driver.
ERROR - 2024-02-25 16:49:17 --> mysqli_sql_exception: Table 'aiistdb.menu' doesn't exist in C:\Users\User\Desktop\codeigniterprojects\aiist-dot-net\system\Database\MySQLi\Connection.php:306
Stack trace:
#0 C:\Users\User\Desktop\codeigniterprojects\aiist-dot-net\system\Database\MySQLi\Connection.php(306): mysqli->query('SELECT *\nFROM `...', 0)
#1 C:\Users\User\Desktop\codeigniterprojects\aiist-dot-net\system\Database\BaseConnection.php(693): CodeIgniter\Database\MySQLi\Connection->execute('SELECT *\nFROM `...')
#2 C:\Users\User\Desktop\codeigniterprojects\aiist-dot-net\system\Database\BaseConnection.php(607): CodeIgniter\Database\BaseConnection->simpleQuery('SELECT *\nFROM `...')
#3 C:\Users\User\Desktop\codeigniterprojects\aiist-dot-net\system\Database\BaseBuilder.php(1616): CodeIgniter\Database\BaseConnection->query('SELECT *\nFROM `...', Array, false)
#4 C:\Users\User\Desktop\codeigniterprojects\aiist-dot-net\system\Model.php(872): CodeIgniter\Database\BaseBuilder->get()
#5 C:\Users\User\Desktop\codeigniterprojects\aiist-dot-net\app\Controllers\CourseController.php(26): CodeIgniter\Model->__call('get', Array)
#6 C:\Users\User\Desktop\codeigniterprojects\aiist-dot-net\system\CodeIgniter.php(941): App\Controllers\CourseController->index()
#7 C:\Users\User\Desktop\codeigniterprojects\aiist-dot-net\system\CodeIgniter.php(502): CodeIgniter\CodeIgniter->runController(Object(App\Controllers\CourseController))
#8 C:\Users\User\Desktop\codeigniterprojects\aiist-dot-net\system\CodeIgniter.php(361): CodeIgniter\CodeIgniter->handleRequest(NULL, Object(Config\Cache), false)
#9 C:\Users\User\Desktop\codeigniterprojects\aiist-dot-net\public\index.php(79): CodeIgniter\CodeIgniter->run()
#10 C:\Users\User\Desktop\codeigniterprojects\aiist-dot-net\system\Commands\Server\rewrite.php(47): require_once('C:\\Users\\User\\D...')
#11 {main}
CRITICAL - 2024-02-25 16:49:17 --> CodeIgniter\Database\Exceptions\DatabaseException: Table 'aiistdb.menu' doesn't exist
in SYSTEMPATH\Database\BaseConnection.php on line 647.
 1 SYSTEMPATH\Database\BaseBuilder.php(1616): CodeIgniter\Database\BaseConnection->query('SELECT *
FROM `course_table`
JOIN `menu` ON `menu`.`menuId` = `courses`.`courseMenu`
GROUP BY `courses`.`courseId`', [], false)
 2 SYSTEMPATH\Model.php(872): CodeIgniter\Database\BaseBuilder->get()
 3 APPPATH\Controllers\CourseController.php(26): CodeIgniter\Model->__call('get', [])
 4 SYSTEMPATH\CodeIgniter.php(941): App\Controllers\CourseController->index()
 5 SYSTEMPATH\CodeIgniter.php(502): CodeIgniter\CodeIgniter->runController(Object(App\Controllers\CourseController))
 6 SYSTEMPATH\CodeIgniter.php(361): CodeIgniter\CodeIgniter->handleRequest(null, Object(Config\Cache), false)
 7 FCPATH\index.php(79): CodeIgniter\CodeIgniter->run()
 8 SYSTEMPATH\Commands\Server\rewrite.php(47): require_once('C:\\Users\\User\\Desktop\\codeigniterprojects\\aiist-dot-net\\public\\index.php')
CRITICAL - 2024-02-25 16:49:17 --> [Caused by] CodeIgniter\Database\Exceptions\DatabaseException: Table 'aiistdb.menu' doesn't exist
in SYSTEMPATH\Database\MySQLi\Connection.php on line 311.
 1 SYSTEMPATH\Database\BaseConnection.php(693): CodeIgniter\Database\MySQLi\Connection->execute('SELECT *
FROM `course_table`
JOIN `menu` ON `menu`.`menuId` = `courses`.`courseMenu`
GROUP BY `courses`.`courseId`')
 2 SYSTEMPATH\Database\BaseConnection.php(607): CodeIgniter\Database\BaseConnection->simpleQuery('SELECT *
FROM `course_table`
JOIN `menu` ON `menu`.`menuId` = `courses`.`courseMenu`
GROUP BY `courses`.`courseId`')
 3 SYSTEMPATH\Database\BaseBuilder.php(1616): CodeIgniter\Database\BaseConnection->query('SELECT *
FROM `course_table`
JOIN `menu` ON `menu`.`menuId` = `courses`.`courseMenu`
GROUP BY `courses`.`courseId`', [], false)
 4 SYSTEMPATH\Model.php(872): CodeIgniter\Database\BaseBuilder->get()
 5 APPPATH\Controllers\CourseController.php(26): CodeIgniter\Model->__call('get', [])
 6 SYSTEMPATH\CodeIgniter.php(941): App\Controllers\CourseController->index()
 7 SYSTEMPATH\CodeIgniter.php(502): CodeIgniter\CodeIgniter->runController(Object(App\Controllers\CourseController))
 8 SYSTEMPATH\CodeIgniter.php(361): CodeIgniter\CodeIgniter->handleRequest(null, Object(Config\Cache), false)
 9 FCPATH\index.php(79): CodeIgniter\CodeIgniter->run()
10 SYSTEMPATH\Commands\Server\rewrite.php(47): require_once('C:\\Users\\User\\Desktop\\codeigniterprojects\\aiist-dot-net\\public\\index.php')
CRITICAL - 2024-02-25 16:49:17 --> [Caused by] mysqli_sql_exception: Table 'aiistdb.menu' doesn't exist
in SYSTEMPATH\Database\MySQLi\Connection.php on line 306.
 1 SYSTEMPATH\Database\MySQLi\Connection.php(306): mysqli->query('SELECT *
FROM `course_table`
JOIN `menu` ON `menu`.`menuId` = `courses`.`courseMenu`
GROUP BY `courses`.`courseId`', 0)
 2 SYSTEMPATH\Database\BaseConnection.php(693): CodeIgniter\Database\MySQLi\Connection->execute('SELECT *
FROM `course_table`
JOIN `menu` ON `menu`.`menuId` = `courses`.`courseMenu`
GROUP BY `courses`.`courseId`')
 3 SYSTEMPATH\Database\BaseConnection.php(607): CodeIgniter\Database\BaseConnection->simpleQuery('SELECT *
FROM `course_table`
JOIN `menu` ON `menu`.`menuId` = `courses`.`courseMenu`
GROUP BY `courses`.`courseId`')
 4 SYSTEMPATH\Database\BaseBuilder.php(1616): CodeIgniter\Database\BaseConnection->query('SELECT *
FROM `course_table`
JOIN `menu` ON `menu`.`menuId` = `courses`.`courseMenu`
GROUP BY `courses`.`courseId`', [], false)
 5 SYSTEMPATH\Model.php(872): CodeIgniter\Database\BaseBuilder->get()
 6 APPPATH\Controllers\CourseController.php(26): CodeIgniter\Model->__call('get', [])
 7 SYSTEMPATH\CodeIgniter.php(941): App\Controllers\CourseController->index()
 8 SYSTEMPATH\CodeIgniter.php(502): CodeIgniter\CodeIgniter->runController(Object(App\Controllers\CourseController))
 9 SYSTEMPATH\CodeIgniter.php(361): CodeIgniter\CodeIgniter->handleRequest(null, Object(Config\Cache), false)
10 FCPATH\index.php(79): CodeIgniter\CodeIgniter->run()
11 SYSTEMPATH\Commands\Server\rewrite.php(47): require_once('C:\\Users\\User\\Desktop\\codeigniterprojects\\aiist-dot-net\\public\\index.php')
INFO - 2024-02-25 16:52:00 --> Session: Class initialized using 'CodeIgniter\Session\Handlers\FileHandler' driver.
ERROR - 2024-02-25 16:52:00 --> mysqli_sql_exception: Table 'aiistdb.career' doesn't exist in C:\Users\User\Desktop\codeigniterprojects\aiist-dot-net\system\Database\MySQLi\Connection.php:306
Stack trace:
#0 C:\Users\User\Desktop\codeigniterprojects\aiist-dot-net\system\Database\MySQLi\Connection.php(306): mysqli->query('SELECT *\nFROM `...', 0)
#1 C:\Users\User\Desktop\codeigniterprojects\aiist-dot-net\system\Database\BaseConnection.php(693): CodeIgniter\Database\MySQLi\Connection->execute('SELECT *\nFROM `...')
#2 C:\Users\User\Desktop\codeigniterprojects\aiist-dot-net\system\Database\BaseConnection.php(607): CodeIgniter\Database\BaseConnection->simpleQuery('SELECT *\nFROM `...')
#3 C:\Users\User\Desktop\codeigniterprojects\aiist-dot-net\system\Database\BaseBuilder.php(1616): CodeIgniter\Database\BaseConnection->query('SELECT *\nFROM `...', Array, false)
#4 C:\Users\User\Desktop\codeigniterprojects\aiist-dot-net\system\Model.php(872): CodeIgniter\Database\BaseBuilder->get()
#5 C:\Users\User\Desktop\codeigniterprojects\aiist-dot-net\app\Controllers\CourseController.php(26): CodeIgniter\Model->__call('get', Array)
#6 C:\Users\User\Desktop\codeigniterprojects\aiist-dot-net\system\CodeIgniter.php(941): App\Controllers\CourseController->index()
#7 C:\Users\User\Desktop\codeigniterprojects\aiist-dot-net\system\CodeIgniter.php(502): CodeIgniter\CodeIgniter->runController(Object(App\Controllers\CourseController))
#8 C:\Users\User\Desktop\codeigniterprojects\aiist-dot-net\system\CodeIgniter.php(361): CodeIgniter\CodeIgniter->handleRequest(NULL, Object(Config\Cache), false)
#9 C:\Users\User\Desktop\codeigniterprojects\aiist-dot-net\public\index.php(79): CodeIgniter\CodeIgniter->run()
#10 C:\Users\User\Desktop\codeigniterprojects\aiist-dot-net\system\Commands\Server\rewrite.php(47): require_once('C:\\Users\\User\\D...')
#11 {main}
CRITICAL - 2024-02-25 16:52:00 --> CodeIgniter\Database\Exceptions\DatabaseException: Table 'aiistdb.career' doesn't exist
in SYSTEMPATH\Database\BaseConnection.php on line 647.
 1 SYSTEMPATH\Database\BaseBuilder.php(1616): CodeIgniter\Database\BaseConnection->query('SELECT *
FROM `course_table`
JOIN `career` ON `career`.`careerId` = `courses`.`coursecareer`
GROUP BY `courses`.`courseId`', [], false)
 2 SYSTEMPATH\Model.php(872): CodeIgniter\Database\BaseBuilder->get()
 3 APPPATH\Controllers\CourseController.php(26): CodeIgniter\Model->__call('get', [])
 4 SYSTEMPATH\CodeIgniter.php(941): App\Controllers\CourseController->index()
 5 SYSTEMPATH\CodeIgniter.php(502): CodeIgniter\CodeIgniter->runController(Object(App\Controllers\CourseController))
 6 SYSTEMPATH\CodeIgniter.php(361): CodeIgniter\CodeIgniter->handleRequest(null, Object(Config\Cache), false)
 7 FCPATH\index.php(79): CodeIgniter\CodeIgniter->run()
 8 SYSTEMPATH\Commands\Server\rewrite.php(47): require_once('C:\\Users\\User\\Desktop\\codeigniterprojects\\aiist-dot-net\\public\\index.php')
CRITICAL - 2024-02-25 16:52:00 --> [Caused by] CodeIgniter\Database\Exceptions\DatabaseException: Table 'aiistdb.career' doesn't exist
in SYSTEMPATH\Database\MySQLi\Connection.php on line 311.
 1 SYSTEMPATH\Database\BaseConnection.php(693): CodeIgniter\Database\MySQLi\Connection->execute('SELECT *
FROM `course_table`
JOIN `career` ON `career`.`careerId` = `courses`.`coursecareer`
GROUP BY `courses`.`courseId`')
 2 SYSTEMPATH\Database\BaseConnection.php(607): CodeIgniter\Database\BaseConnection->simpleQuery('SELECT *
FROM `course_table`
JOIN `career` ON `career`.`careerId` = `courses`.`coursecareer`
GROUP BY `courses`.`courseId`')
 3 SYSTEMPATH\Database\BaseBuilder.php(1616): CodeIgniter\Database\BaseConnection->query('SELECT *
FROM `course_table`
JOIN `career` ON `career`.`careerId` = `courses`.`coursecareer`
GROUP BY `courses`.`courseId`', [], false)
 4 SYSTEMPATH\Model.php(872): CodeIgniter\Database\BaseBuilder->get()
 5 APPPATH\Controllers\CourseController.php(26): CodeIgniter\Model->__call('get', [])
 6 SYSTEMPATH\CodeIgniter.php(941): App\Controllers\CourseController->index()
 7 SYSTEMPATH\CodeIgniter.php(502): CodeIgniter\CodeIgniter->runController(Object(App\Controllers\CourseController))
 8 SYSTEMPATH\CodeIgniter.php(361): CodeIgniter\CodeIgniter->handleRequest(null, Object(Config\Cache), false)
 9 FCPATH\index.php(79): CodeIgniter\CodeIgniter->run()
10 SYSTEMPATH\Commands\Server\rewrite.php(47): require_once('C:\\Users\\User\\Desktop\\codeigniterprojects\\aiist-dot-net\\public\\index.php')
CRITICAL - 2024-02-25 16:52:00 --> [Caused by] mysqli_sql_exception: Table 'aiistdb.career' doesn't exist
in SYSTEMPATH\Database\MySQLi\Connection.php on line 306.
 1 SYSTEMPATH\Database\MySQLi\Connection.php(306): mysqli->query('SELECT *
FROM `course_table`
JOIN `career` ON `career`.`careerId` = `courses`.`coursecareer`
GROUP BY `courses`.`courseId`', 0)
 2 SYSTEMPATH\Database\BaseConnection.php(693): CodeIgniter\Database\MySQLi\Connection->execute('SELECT *
FROM `course_table`
JOIN `career` ON `career`.`careerId` = `courses`.`coursecareer`
GROUP BY `courses`.`courseId`')
 3 SYSTEMPATH\Database\BaseConnection.php(607): CodeIgniter\Database\BaseConnection->simpleQuery('SELECT *
FROM `course_table`
JOIN `career` ON `career`.`careerId` = `courses`.`coursecareer`
GROUP BY `courses`.`courseId`')
 4 SYSTEMPATH\Database\BaseBuilder.php(1616): CodeIgniter\Database\BaseConnection->query('SELECT *
FROM `course_table`
JOIN `career` ON `career`.`careerId` = `courses`.`coursecareer`
GROUP BY `courses`.`courseId`', [], false)
 5 SYSTEMPATH\Model.php(872): CodeIgniter\Database\BaseBuilder->get()
 6 APPPATH\Controllers\CourseController.php(26): CodeIgniter\Model->__call('get', [])
 7 SYSTEMPATH\CodeIgniter.php(941): App\Controllers\CourseController->index()
 8 SYSTEMPATH\CodeIgniter.php(502): CodeIgniter\CodeIgniter->runController(Object(App\Controllers\CourseController))
 9 SYSTEMPATH\CodeIgniter.php(361): CodeIgniter\CodeIgniter->handleRequest(null, Object(Config\Cache), false)
10 FCPATH\index.php(79): CodeIgniter\CodeIgniter->run()
11 SYSTEMPATH\Commands\Server\rewrite.php(47): require_once('C:\\Users\\User\\Desktop\\codeigniterprojects\\aiist-dot-net\\public\\index.php')
INFO - 2024-02-25 16:53:15 --> Session: Class initialized using 'CodeIgniter\Session\Handlers\FileHandler' driver.
ERROR - 2024-02-25 16:53:15 --> mysqli_sql_exception: Unknown column 'courses.coursecareer' in 'on clause' in C:\Users\User\Desktop\codeigniterprojects\aiist-dot-net\system\Database\MySQLi\Connection.php:306
Stack trace:
#0 C:\Users\User\Desktop\codeigniterprojects\aiist-dot-net\system\Database\MySQLi\Connection.php(306): mysqli->query('SELECT *\nFROM `...', 0)
#1 C:\Users\User\Desktop\codeigniterprojects\aiist-dot-net\system\Database\BaseConnection.php(693): CodeIgniter\Database\MySQLi\Connection->execute('SELECT *\nFROM `...')
#2 C:\Users\User\Desktop\codeigniterprojects\aiist-dot-net\system\Database\BaseConnection.php(607): CodeIgniter\Database\BaseConnection->simpleQuery('SELECT *\nFROM `...')
#3 C:\Users\User\Desktop\codeigniterprojects\aiist-dot-net\system\Database\BaseBuilder.php(1616): CodeIgniter\Database\BaseConnection->query('SELECT *\nFROM `...', Array, false)
#4 C:\Users\User\Desktop\codeigniterprojects\aiist-dot-net\system\Model.php(872): CodeIgniter\Database\BaseBuilder->get()
#5 C:\Users\User\Desktop\codeigniterprojects\aiist-dot-net\app\Controllers\CourseController.php(26): CodeIgniter\Model->__call('get', Array)
#6 C:\Users\User\Desktop\codeigniterprojects\aiist-dot-net\system\CodeIgniter.php(941): App\Controllers\CourseController->index()
#7 C:\Users\User\Desktop\codeigniterprojects\aiist-dot-net\system\CodeIgniter.php(502): CodeIgniter\CodeIgniter->runController(Object(App\Controllers\CourseController))
#8 C:\Users\User\Desktop\codeigniterprojects\aiist-dot-net\system\CodeIgniter.php(361): CodeIgniter\CodeIgniter->handleRequest(NULL, Object(Config\Cache), false)
#9 C:\Users\User\Desktop\codeigniterprojects\aiist-dot-net\public\index.php(79): CodeIgniter\CodeIgniter->run()
#10 C:\Users\User\Desktop\codeigniterprojects\aiist-dot-net\system\Commands\Server\rewrite.php(47): require_once('C:\\Users\\User\\D...')
#11 {main}
CRITICAL - 2024-02-25 16:53:15 --> CodeIgniter\Database\Exceptions\DatabaseException: Unknown column 'courses.coursecareer' in 'on clause'
in SYSTEMPATH\Database\BaseConnection.php on line 647.
 1 SYSTEMPATH\Database\BaseBuilder.php(1616): CodeIgniter\Database\BaseConnection->query('SELECT *
FROM `course_table`
JOIN `career_table` ON `career_table`.`careerId` = `courses`.`coursecareer`
GROUP BY `courses`.`courseId`', [], false)
 2 SYSTEMPATH\Model.php(872): CodeIgniter\Database\BaseBuilder->get()
 3 APPPATH\Controllers\CourseController.php(26): CodeIgniter\Model->__call('get', [])
 4 SYSTEMPATH\CodeIgniter.php(941): App\Controllers\CourseController->index()
 5 SYSTEMPATH\CodeIgniter.php(502): CodeIgniter\CodeIgniter->runController(Object(App\Controllers\CourseController))
 6 SYSTEMPATH\CodeIgniter.php(361): CodeIgniter\CodeIgniter->handleRequest(null, Object(Config\Cache), false)
 7 FCPATH\index.php(79): CodeIgniter\CodeIgniter->run()
 8 SYSTEMPATH\Commands\Server\rewrite.php(47): require_once('C:\\Users\\User\\Desktop\\codeigniterprojects\\aiist-dot-net\\public\\index.php')
CRITICAL - 2024-02-25 16:53:15 --> [Caused by] CodeIgniter\Database\Exceptions\DatabaseException: Unknown column 'courses.coursecareer' in 'on clause'
in SYSTEMPATH\Database\MySQLi\Connection.php on line 311.
 1 SYSTEMPATH\Database\BaseConnection.php(693): CodeIgniter\Database\MySQLi\Connection->execute('SELECT *
FROM `course_table`
JOIN `career_table` ON `career_table`.`careerId` = `courses`.`coursecareer`
GROUP BY `courses`.`courseId`')
 2 SYSTEMPATH\Database\BaseConnection.php(607): CodeIgniter\Database\BaseConnection->simpleQuery('SELECT *
FROM `course_table`
JOIN `career_table` ON `career_table`.`careerId` = `courses`.`coursecareer`
GROUP BY `courses`.`courseId`')
 3 SYSTEMPATH\Database\BaseBuilder.php(1616): CodeIgniter\Database\BaseConnection->query('SELECT *
FROM `course_table`
JOIN `career_table` ON `career_table`.`careerId` = `courses`.`coursecareer`
GROUP BY `courses`.`courseId`', [], false)
 4 SYSTEMPATH\Model.php(872): CodeIgniter\Database\BaseBuilder->get()
 5 APPPATH\Controllers\CourseController.php(26): CodeIgniter\Model->__call('get', [])
 6 SYSTEMPATH\CodeIgniter.php(941): App\Controllers\CourseController->index()
 7 SYSTEMPATH\CodeIgniter.php(502): CodeIgniter\CodeIgniter->runController(Object(App\Controllers\CourseController))
 8 SYSTEMPATH\CodeIgniter.php(361): CodeIgniter\CodeIgniter->handleRequest(null, Object(Config\Cache), false)
 9 FCPATH\index.php(79): CodeIgniter\CodeIgniter->run()
10 SYSTEMPATH\Commands\Server\rewrite.php(47): require_once('C:\\Users\\User\\Desktop\\codeigniterprojects\\aiist-dot-net\\public\\index.php')
CRITICAL - 2024-02-25 16:53:15 --> [Caused by] mysqli_sql_exception: Unknown column 'courses.coursecareer' in 'on clause'
in SYSTEMPATH\Database\MySQLi\Connection.php on line 306.
 1 SYSTEMPATH\Database\MySQLi\Connection.php(306): mysqli->query('SELECT *
FROM `course_table`
JOIN `career_table` ON `career_table`.`careerId` = `courses`.`coursecareer`
GROUP BY `courses`.`courseId`', 0)
 2 SYSTEMPATH\Database\BaseConnection.php(693): CodeIgniter\Database\MySQLi\Connection->execute('SELECT *
FROM `course_table`
JOIN `career_table` ON `career_table`.`careerId` = `courses`.`coursecareer`
GROUP BY `courses`.`courseId`')
 3 SYSTEMPATH\Database\BaseConnection.php(607): CodeIgniter\Database\BaseConnection->simpleQuery('SELECT *
FROM `course_table`
JOIN `career_table` ON `career_table`.`careerId` = `courses`.`coursecareer`
GROUP BY `courses`.`courseId`')
 4 SYSTEMPATH\Database\BaseBuilder.php(1616): CodeIgniter\Database\BaseConnection->query('SELECT *
FROM `course_table`
JOIN `career_table` ON `career_table`.`careerId` = `courses`.`coursecareer`
GROUP BY `courses`.`courseId`', [], false)
 5 SYSTEMPATH\Model.php(872): CodeIgniter\Database\BaseBuilder->get()
 6 APPPATH\Controllers\CourseController.php(26): CodeIgniter\Model->__call('get', [])
 7 SYSTEMPATH\CodeIgniter.php(941): App\Controllers\CourseController->index()
 8 SYSTEMPATH\CodeIgniter.php(502): CodeIgniter\CodeIgniter->runController(Object(App\Controllers\CourseController))
 9 SYSTEMPATH\CodeIgniter.php(361): CodeIgniter\CodeIgniter->handleRequest(null, Object(Config\Cache), false)
10 FCPATH\index.php(79): CodeIgniter\CodeIgniter->run()
11 SYSTEMPATH\Commands\Server\rewrite.php(47): require_once('C:\\Users\\User\\Desktop\\codeigniterprojects\\aiist-dot-net\\public\\index.php')
INFO - 2024-02-25 16:56:53 --> Session: Class initialized using 'CodeIgniter\Session\Handlers\FileHandler' driver.
ERROR - 2024-02-25 16:56:53 --> mysqli_sql_exception: Unknown column 'courses_table.courseId' in 'on clause' in C:\Users\User\Desktop\codeigniterprojects\aiist-dot-net\system\Database\MySQLi\Connection.php:306
Stack trace:
#0 C:\Users\User\Desktop\codeigniterprojects\aiist-dot-net\system\Database\MySQLi\Connection.php(306): mysqli->query('SELECT *\nFROM `...', 0)
#1 C:\Users\User\Desktop\codeigniterprojects\aiist-dot-net\system\Database\BaseConnection.php(693): CodeIgniter\Database\MySQLi\Connection->execute('SELECT *\nFROM `...')
#2 C:\Users\User\Desktop\codeigniterprojects\aiist-dot-net\system\Database\BaseConnection.php(607): CodeIgniter\Database\BaseConnection->simpleQuery('SELECT *\nFROM `...')
#3 C:\Users\User\Desktop\codeigniterprojects\aiist-dot-net\system\Database\BaseBuilder.php(1616): CodeIgniter\Database\BaseConnection->query('SELECT *\nFROM `...', Array, false)
#4 C:\Users\User\Desktop\codeigniterprojects\aiist-dot-net\system\Model.php(872): CodeIgniter\Database\BaseBuilder->get()
#5 C:\Users\User\Desktop\codeigniterprojects\aiist-dot-net\app\Controllers\CourseController.php(26): CodeIgniter\Model->__call('get', Array)
#6 C:\Users\User\Desktop\codeigniterprojects\aiist-dot-net\system\CodeIgniter.php(941): App\Controllers\CourseController->index()
#7 C:\Users\User\Desktop\codeigniterprojects\aiist-dot-net\system\CodeIgniter.php(502): CodeIgniter\CodeIgniter->runController(Object(App\Controllers\CourseController))
#8 C:\Users\User\Desktop\codeigniterprojects\aiist-dot-net\system\CodeIgniter.php(361): CodeIgniter\CodeIgniter->handleRequest(NULL, Object(Config\Cache), false)
#9 C:\Users\User\Desktop\codeigniterprojects\aiist-dot-net\public\index.php(79): CodeIgniter\CodeIgniter->run()
#10 C:\Users\User\Desktop\codeigniterprojects\aiist-dot-net\system\Commands\Server\rewrite.php(47): require_once('C:\\Users\\User\\D...')
#11 {main}
CRITICAL - 2024-02-25 16:56:53 --> CodeIgniter\Database\Exceptions\DatabaseException: Unknown column 'courses_table.courseId' in 'on clause'
in SYSTEMPATH\Database\BaseConnection.php on line 647.
 1 SYSTEMPATH\Database\BaseBuilder.php(1616): CodeIgniter\Database\BaseConnection->query('SELECT *
FROM `course_table`
JOIN `career_table` ON `career_table`.`careerId` = `courses_table`.`courseId`
GROUP BY `courses`.`courseId`', [], false)
 2 SYSTEMPATH\Model.php(872): CodeIgniter\Database\BaseBuilder->get()
 3 APPPATH\Controllers\CourseController.php(26): CodeIgniter\Model->__call('get', [])
 4 SYSTEMPATH\CodeIgniter.php(941): App\Controllers\CourseController->index()
 5 SYSTEMPATH\CodeIgniter.php(502): CodeIgniter\CodeIgniter->runController(Object(App\Controllers\CourseController))
 6 SYSTEMPATH\CodeIgniter.php(361): CodeIgniter\CodeIgniter->handleRequest(null, Object(Config\Cache), false)
 7 FCPATH\index.php(79): CodeIgniter\CodeIgniter->run()
 8 SYSTEMPATH\Commands\Server\rewrite.php(47): require_once('C:\\Users\\User\\Desktop\\codeigniterprojects\\aiist-dot-net\\public\\index.php')
CRITICAL - 2024-02-25 16:56:53 --> [Caused by] CodeIgniter\Database\Exceptions\DatabaseException: Unknown column 'courses_table.courseId' in 'on clause'
in SYSTEMPATH\Database\MySQLi\Connection.php on line 311.
 1 SYSTEMPATH\Database\BaseConnection.php(693): CodeIgniter\Database\MySQLi\Connection->execute('SELECT *
FROM `course_table`
JOIN `career_table` ON `career_table`.`careerId` = `courses_table`.`courseId`
GROUP BY `courses`.`courseId`')
 2 SYSTEMPATH\Database\BaseConnection.php(607): CodeIgniter\Database\BaseConnection->simpleQuery('SELECT *
FROM `course_table`
JOIN `career_table` ON `career_table`.`careerId` = `courses_table`.`courseId`
GROUP BY `courses`.`courseId`')
 3 SYSTEMPATH\Database\BaseBuilder.php(1616): CodeIgniter\Database\BaseConnection->query('SELECT *
FROM `course_table`
JOIN `career_table` ON `career_table`.`careerId` = `courses_table`.`courseId`
GROUP BY `courses`.`courseId`', [], false)
 4 SYSTEMPATH\Model.php(872): CodeIgniter\Database\BaseBuilder->get()
 5 APPPATH\Controllers\CourseController.php(26): CodeIgniter\Model->__call('get', [])
 6 SYSTEMPATH\CodeIgniter.php(941): App\Controllers\CourseController->index()
 7 SYSTEMPATH\CodeIgniter.php(502): CodeIgniter\CodeIgniter->runController(Object(App\Controllers\CourseController))
 8 SYSTEMPATH\CodeIgniter.php(361): CodeIgniter\CodeIgniter->handleRequest(null, Object(Config\Cache), false)
 9 FCPATH\index.php(79): CodeIgniter\CodeIgniter->run()
10 SYSTEMPATH\Commands\Server\rewrite.php(47): require_once('C:\\Users\\User\\Desktop\\codeigniterprojects\\aiist-dot-net\\public\\index.php')
CRITICAL - 2024-02-25 16:56:53 --> [Caused by] mysqli_sql_exception: Unknown column 'courses_table.courseId' in 'on clause'
in SYSTEMPATH\Database\MySQLi\Connection.php on line 306.
 1 SYSTEMPATH\Database\MySQLi\Connection.php(306): mysqli->query('SELECT *
FROM `course_table`
JOIN `career_table` ON `career_table`.`careerId` = `courses_table`.`courseId`
GROUP BY `courses`.`courseId`', 0)
 2 SYSTEMPATH\Database\BaseConnection.php(693): CodeIgniter\Database\MySQLi\Connection->execute('SELECT *
FROM `course_table`
JOIN `career_table` ON `career_table`.`careerId` = `courses_table`.`courseId`
GROUP BY `courses`.`courseId`')
 3 SYSTEMPATH\Database\BaseConnection.php(607): CodeIgniter\Database\BaseConnection->simpleQuery('SELECT *
FROM `course_table`
JOIN `career_table` ON `career_table`.`careerId` = `courses_table`.`courseId`
GROUP BY `courses`.`courseId`')
 4 SYSTEMPATH\Database\BaseBuilder.php(1616): CodeIgniter\Database\BaseConnection->query('SELECT *
FROM `course_table`
JOIN `career_table` ON `career_table`.`careerId` = `courses_table`.`courseId`
GROUP BY `courses`.`courseId`', [], false)
 5 SYSTEMPATH\Model.php(872): CodeIgniter\Database\BaseBuilder->get()
 6 APPPATH\Controllers\CourseController.php(26): CodeIgniter\Model->__call('get', [])
 7 SYSTEMPATH\CodeIgniter.php(941): App\Controllers\CourseController->index()
 8 SYSTEMPATH\CodeIgniter.php(502): CodeIgniter\CodeIgniter->runController(Object(App\Controllers\CourseController))
 9 SYSTEMPATH\CodeIgniter.php(361): CodeIgniter\CodeIgniter->handleRequest(null, Object(Config\Cache), false)
10 FCPATH\index.php(79): CodeIgniter\CodeIgniter->run()
11 SYSTEMPATH\Commands\Server\rewrite.php(47): require_once('C:\\Users\\User\\Desktop\\codeigniterprojects\\aiist-dot-net\\public\\index.php')
INFO - 2024-02-25 16:57:21 --> Session: Class initialized using 'CodeIgniter\Session\Handlers\FileHandler' driver.
ERROR - 2024-02-25 16:57:21 --> mysqli_sql_exception: Unknown column 'courses.courseId' in 'group statement' in C:\Users\User\Desktop\codeigniterprojects\aiist-dot-net\system\Database\MySQLi\Connection.php:306
Stack trace:
#0 C:\Users\User\Desktop\codeigniterprojects\aiist-dot-net\system\Database\MySQLi\Connection.php(306): mysqli->query('SELECT *\nFROM `...', 0)
#1 C:\Users\User\Desktop\codeigniterprojects\aiist-dot-net\system\Database\BaseConnection.php(693): CodeIgniter\Database\MySQLi\Connection->execute('SELECT *\nFROM `...')
#2 C:\Users\User\Desktop\codeigniterprojects\aiist-dot-net\system\Database\BaseConnection.php(607): CodeIgniter\Database\BaseConnection->simpleQuery('SELECT *\nFROM `...')
#3 C:\Users\User\Desktop\codeigniterprojects\aiist-dot-net\system\Database\BaseBuilder.php(1616): CodeIgniter\Database\BaseConnection->query('SELECT *\nFROM `...', Array, false)
#4 C:\Users\User\Desktop\codeigniterprojects\aiist-dot-net\system\Model.php(872): CodeIgniter\Database\BaseBuilder->get()
#5 C:\Users\User\Desktop\codeigniterprojects\aiist-dot-net\app\Controllers\CourseController.php(26): CodeIgniter\Model->__call('get', Array)
#6 C:\Users\User\Desktop\codeigniterprojects\aiist-dot-net\system\CodeIgniter.php(941): App\Controllers\CourseController->index()
#7 C:\Users\User\Desktop\codeigniterprojects\aiist-dot-net\system\CodeIgniter.php(502): CodeIgniter\CodeIgniter->runController(Object(App\Controllers\CourseController))
#8 C:\Users\User\Desktop\codeigniterprojects\aiist-dot-net\system\CodeIgniter.php(361): CodeIgniter\CodeIgniter->handleRequest(NULL, Object(Config\Cache), false)
#9 C:\Users\User\Desktop\codeigniterprojects\aiist-dot-net\public\index.php(79): CodeIgniter\CodeIgniter->run()
#10 C:\Users\User\Desktop\codeigniterprojects\aiist-dot-net\system\Commands\Server\rewrite.php(47): require_once('C:\\Users\\User\\D...')
#11 {main}
CRITICAL - 2024-02-25 16:57:21 --> CodeIgniter\Database\Exceptions\DatabaseException: Unknown column 'courses.courseId' in 'group statement'
in SYSTEMPATH\Database\BaseConnection.php on line 647.
 1 SYSTEMPATH\Database\BaseBuilder.php(1616): CodeIgniter\Database\BaseConnection->query('SELECT *
FROM `course_table`
JOIN `career_table` ON `career_table`.`careerId` = `course_table`.`courseId`
GROUP BY `courses`.`courseId`', [], false)
 2 SYSTEMPATH\Model.php(872): CodeIgniter\Database\BaseBuilder->get()
 3 APPPATH\Controllers\CourseController.php(26): CodeIgniter\Model->__call('get', [])
 4 SYSTEMPATH\CodeIgniter.php(941): App\Controllers\CourseController->index()
 5 SYSTEMPATH\CodeIgniter.php(502): CodeIgniter\CodeIgniter->runController(Object(App\Controllers\CourseController))
 6 SYSTEMPATH\CodeIgniter.php(361): CodeIgniter\CodeIgniter->handleRequest(null, Object(Config\Cache), false)
 7 FCPATH\index.php(79): CodeIgniter\CodeIgniter->run()
 8 SYSTEMPATH\Commands\Server\rewrite.php(47): require_once('C:\\Users\\User\\Desktop\\codeigniterprojects\\aiist-dot-net\\public\\index.php')
CRITICAL - 2024-02-25 16:57:21 --> [Caused by] CodeIgniter\Database\Exceptions\DatabaseException: Unknown column 'courses.courseId' in 'group statement'
in SYSTEMPATH\Database\MySQLi\Connection.php on line 311.
 1 SYSTEMPATH\Database\BaseConnection.php(693): CodeIgniter\Database\MySQLi\Connection->execute('SELECT *
FROM `course_table`
JOIN `career_table` ON `career_table`.`careerId` = `course_table`.`courseId`
GROUP BY `courses`.`courseId`')
 2 SYSTEMPATH\Database\BaseConnection.php(607): CodeIgniter\Database\BaseConnection->simpleQuery('SELECT *
FROM `course_table`
JOIN `career_table` ON `career_table`.`careerId` = `course_table`.`courseId`
GROUP BY `courses`.`courseId`')
 3 SYSTEMPATH\Database\BaseBuilder.php(1616): CodeIgniter\Database\BaseConnection->query('SELECT *
FROM `course_table`
JOIN `career_table` ON `career_table`.`careerId` = `course_table`.`courseId`
GROUP BY `courses`.`courseId`', [], false)
 4 SYSTEMPATH\Model.php(872): CodeIgniter\Database\BaseBuilder->get()
 5 APPPATH\Controllers\CourseController.php(26): CodeIgniter\Model->__call('get', [])
 6 SYSTEMPATH\CodeIgniter.php(941): App\Controllers\CourseController->index()
 7 SYSTEMPATH\CodeIgniter.php(502): CodeIgniter\CodeIgniter->runController(Object(App\Controllers\CourseController))
 8 SYSTEMPATH\CodeIgniter.php(361): CodeIgniter\CodeIgniter->handleRequest(null, Object(Config\Cache), false)
 9 FCPATH\index.php(79): CodeIgniter\CodeIgniter->run()
10 SYSTEMPATH\Commands\Server\rewrite.php(47): require_once('C:\\Users\\User\\Desktop\\codeigniterprojects\\aiist-dot-net\\public\\index.php')
CRITICAL - 2024-02-25 16:57:21 --> [Caused by] mysqli_sql_exception: Unknown column 'courses.courseId' in 'group statement'
in SYSTEMPATH\Database\MySQLi\Connection.php on line 306.
 1 SYSTEMPATH\Database\MySQLi\Connection.php(306): mysqli->query('SELECT *
FROM `course_table`
JOIN `career_table` ON `career_table`.`careerId` = `course_table`.`courseId`
GROUP BY `courses`.`courseId`', 0)
 2 SYSTEMPATH\Database\BaseConnection.php(693): CodeIgniter\Database\MySQLi\Connection->execute('SELECT *
FROM `course_table`
JOIN `career_table` ON `career_table`.`careerId` = `course_table`.`courseId`
GROUP BY `courses`.`courseId`')
 3 SYSTEMPATH\Database\BaseConnection.php(607): CodeIgniter\Database\BaseConnection->simpleQuery('SELECT *
FROM `course_table`
JOIN `career_table` ON `career_table`.`careerId` = `course_table`.`courseId`
GROUP BY `courses`.`courseId`')
 4 SYSTEMPATH\Database\BaseBuilder.php(1616): CodeIgniter\Database\BaseConnection->query('SELECT *
FROM `course_table`
JOIN `career_table` ON `career_table`.`careerId` = `course_table`.`courseId`
GROUP BY `courses`.`courseId`', [], false)
 5 SYSTEMPATH\Model.php(872): CodeIgniter\Database\BaseBuilder->get()
 6 APPPATH\Controllers\CourseController.php(26): CodeIgniter\Model->__call('get', [])
 7 SYSTEMPATH\CodeIgniter.php(941): App\Controllers\CourseController->index()
 8 SYSTEMPATH\CodeIgniter.php(502): CodeIgniter\CodeIgniter->runController(Object(App\Controllers\CourseController))
 9 SYSTEMPATH\CodeIgniter.php(361): CodeIgniter\CodeIgniter->handleRequest(null, Object(Config\Cache), false)
10 FCPATH\index.php(79): CodeIgniter\CodeIgniter->run()
11 SYSTEMPATH\Commands\Server\rewrite.php(47): require_once('C:\\Users\\User\\Desktop\\codeigniterprojects\\aiist-dot-net\\public\\index.php')
INFO - 2024-02-25 16:57:49 --> Session: Class initialized using 'CodeIgniter\Session\Handlers\FileHandler' driver.
CRITICAL - 2024-02-25 16:57:50 --> CodeIgniter\View\Exceptions\ViewException: Invalid file: "dashboard/course.php"
in SYSTEMPATH\Exceptions\FrameworkException.php on line 39.
 1 SYSTEMPATH\View\View.php(216): CodeIgniter\Exceptions\FrameworkException::forInvalidFile('dashboard/course.php')
 2 SYSTEMPATH\Common.php(1178): CodeIgniter\View\View->render('dashboard/course', [], true)
 3 APPPATH\Controllers\CourseController.php(130): view('dashboard/course', [...])
 4 SYSTEMPATH\CodeIgniter.php(941): App\Controllers\CourseController->index()
 5 SYSTEMPATH\CodeIgniter.php(502): CodeIgniter\CodeIgniter->runController(Object(App\Controllers\CourseController))
 6 SYSTEMPATH\CodeIgniter.php(361): CodeIgniter\CodeIgniter->handleRequest(null, Object(Config\Cache), false)
 7 FCPATH\index.php(79): CodeIgniter\CodeIgniter->run()
 8 SYSTEMPATH\Commands\Server\rewrite.php(47): require_once('C:\\Users\\User\\Desktop\\codeigniterprojects\\aiist-dot-net\\public\\index.php')
INFO - 2024-02-25 16:59:40 --> Session: Class initialized using 'CodeIgniter\Session\Handlers\FileHandler' driver.
CRITICAL - 2024-02-25 16:59:40 --> ErrorException: include(partials/tables/course_table.php): Failed to open stream: No such file or directory
in APPPATH\Views\dashboard\course.php on line 8.
 1 APPPATH\Views\dashboard\course.php(8): CodeIgniter\Debug\Exceptions->errorHandler(2, 'include(partials/tables/course_table.php): Failed to open stream: No such file or directory', 'C:\\Users\\User\\Desktop\\codeigniterprojects\\aiist-dot-net\\app\\Views\\dashboard\\course.php', 8)
 2 APPPATH\Views\dashboard\course.php(8): include()
 3 SYSTEMPATH\View\View.php(228): include('C:\\Users\\User\\Desktop\\codeigniterprojects\\aiist-dot-net\\app\\Views\\dashboard\\course.php')
 4 SYSTEMPATH\View\View.php(231): CodeIgniter\View\View->CodeIgniter\View\{closure}()
 5 SYSTEMPATH\Common.php(1178): CodeIgniter\View\View->render('dashboard/course', [], true)
 6 APPPATH\Controllers\CourseController.php(130): view('dashboard/course', [...])
 7 SYSTEMPATH\CodeIgniter.php(941): App\Controllers\CourseController->index()
 8 SYSTEMPATH\CodeIgniter.php(502): CodeIgniter\CodeIgniter->runController(Object(App\Controllers\CourseController))
 9 SYSTEMPATH\CodeIgniter.php(361): CodeIgniter\CodeIgniter->handleRequest(null, Object(Config\Cache), false)
10 FCPATH\index.php(79): CodeIgniter\CodeIgniter->run()
11 SYSTEMPATH\Commands\Server\rewrite.php(47): require_once('C:\\Users\\User\\Desktop\\codeigniterprojects\\aiist-dot-net\\public\\index.php')
INFO - 2024-02-25 17:00:49 --> Session: Class initialized using 'CodeIgniter\Session\Handlers\FileHandler' driver.
CRITICAL - 2024-02-25 17:00:49 --> ErrorException: include(partials/forms/create_course_form.php): Failed to open stream: No such file or directory
in APPPATH\Views\dashboard\course.php on line 9.
 1 APPPATH\Views\dashboard\course.php(9): CodeIgniter\Debug\Exceptions->errorHandler(2, 'include(partials/forms/create_course_form.php): Failed to open stream: No such file or directory', 'C:\\Users\\User\\Desktop\\codeigniterprojects\\aiist-dot-net\\app\\Views\\dashboard\\course.php', 9)
 2 APPPATH\Views\dashboard\course.php(9): include()
 3 SYSTEMPATH\View\View.php(228): include('C:\\Users\\User\\Desktop\\codeigniterprojects\\aiist-dot-net\\app\\Views\\dashboard\\course.php')
 4 SYSTEMPATH\View\View.php(231): CodeIgniter\View\View->CodeIgniter\View\{closure}()
 5 SYSTEMPATH\Common.php(1178): CodeIgniter\View\View->render('dashboard/course', [], true)
 6 APPPATH\Controllers\CourseController.php(130): view('dashboard/course', [...])
 7 SYSTEMPATH\CodeIgniter.php(941): App\Controllers\CourseController->index()
 8 SYSTEMPATH\CodeIgniter.php(502): CodeIgniter\CodeIgniter->runController(Object(App\Controllers\CourseController))
 9 SYSTEMPATH\CodeIgniter.php(361): CodeIgniter\CodeIgniter->handleRequest(null, Object(Config\Cache), false)
10 FCPATH\index.php(79): CodeIgniter\CodeIgniter->run()
11 SYSTEMPATH\Commands\Server\rewrite.php(47): require_once('C:\\Users\\User\\Desktop\\codeigniterprojects\\aiist-dot-net\\public\\index.php')
INFO - 2024-02-25 17:01:54 --> Session: Class initialized using 'CodeIgniter\Session\Handlers\FileHandler' driver.
INFO - 2024-02-25 17:03:51 --> Session: Class initialized using 'CodeIgniter\Session\Handlers\FileHandler' driver.
INFO - 2024-02-25 17:04:33 --> Session: Class initialized using 'CodeIgniter\Session\Handlers\FileHandler' driver.
INFO - 2024-02-25 17:04:41 --> Session: Class initialized using 'CodeIgniter\Session\Handlers\FileHandler' driver.
INFO - 2024-02-25 17:08:54 --> Session: Class initialized using 'CodeIgniter\Session\Handlers\FileHandler' driver.
INFO - 2024-02-25 17:10:28 --> Session: Class initialized using 'CodeIgniter\Session\Handlers\FileHandler' driver.
INFO - 2024-02-25 17:12:40 --> Session: Class initialized using 'CodeIgniter\Session\Handlers\FileHandler' driver.
INFO - 2024-02-25 17:13:14 --> Session: Class initialized using 'CodeIgniter\Session\Handlers\FileHandler' driver.
INFO - 2024-02-25 17:13:15 --> Session: Class initialized using 'CodeIgniter\Session\Handlers\FileHandler' driver.
INFO - 2024-02-25 17:14:29 --> Session: Class initialized using 'CodeIgniter\Session\Handlers\FileHandler' driver.
CRITICAL - 2024-02-25 17:14:29 --> CodeIgniter\View\Exceptions\ViewException: Invalid file: "dashboard/edit_course.php"
in SYSTEMPATH\Exceptions\FrameworkException.php on line 39.
 1 SYSTEMPATH\View\View.php(216): CodeIgniter\Exceptions\FrameworkException::forInvalidFile('dashboard/edit_course.php')
 2 SYSTEMPATH\Common.php(1178): CodeIgniter\View\View->render('dashboard/edit_course', [], true)
 3 APPPATH\Controllers\CourseController.php(255): view('dashboard/edit_course', [...])
 4 SYSTEMPATH\CodeIgniter.php(941): App\Controllers\CourseController->edit('1')
 5 SYSTEMPATH\CodeIgniter.php(502): CodeIgniter\CodeIgniter->runController(Object(App\Controllers\CourseController))
 6 SYSTEMPATH\CodeIgniter.php(361): CodeIgniter\CodeIgniter->handleRequest(null, Object(Config\Cache), false)
 7 FCPATH\index.php(79): CodeIgniter\CodeIgniter->run()
 8 SYSTEMPATH\Commands\Server\rewrite.php(47): require_once('C:\\Users\\User\\Desktop\\codeigniterprojects\\aiist-dot-net\\public\\index.php')
INFO - 2024-02-25 17:17:22 --> Session: Class initialized using 'CodeIgniter\Session\Handlers\FileHandler' driver.
CRITICAL - 2024-02-25 17:17:22 --> CodeIgniter\View\Exceptions\ViewException: Invalid file: "dashboard/edit_course.php"
in SYSTEMPATH\Exceptions\FrameworkException.php on line 39.
 1 SYSTEMPATH\View\View.php(216): CodeIgniter\Exceptions\FrameworkException::forInvalidFile('dashboard/edit_course.php')
 2 SYSTEMPATH\Common.php(1178): CodeIgniter\View\View->render('dashboard/edit_course', [], true)
 3 APPPATH\Controllers\CourseController.php(255): view('dashboard/edit_course', [...])
 4 SYSTEMPATH\CodeIgniter.php(941): App\Controllers\CourseController->edit('1')
 5 SYSTEMPATH\CodeIgniter.php(502): CodeIgniter\CodeIgniter->runController(Object(App\Controllers\CourseController))
 6 SYSTEMPATH\CodeIgniter.php(361): CodeIgniter\CodeIgniter->handleRequest(null, Object(Config\Cache), false)
 7 FCPATH\index.php(79): CodeIgniter\CodeIgniter->run()
 8 SYSTEMPATH\Commands\Server\rewrite.php(47): require_once('C:\\Users\\User\\Desktop\\codeigniterprojects\\aiist-dot-net\\public\\index.php')
INFO - 2024-02-25 17:18:07 --> Session: Class initialized using 'CodeIgniter\Session\Handlers\FileHandler' driver.
INFO - 2024-02-25 17:18:18 --> Session: Class initialized using 'CodeIgniter\Session\Handlers\FileHandler' driver.
INFO - 2024-02-25 17:18:18 --> Session: Class initialized using 'CodeIgniter\Session\Handlers\FileHandler' driver.
INFO - 2024-02-25 17:19:08 --> Session: Class initialized using 'CodeIgniter\Session\Handlers\FileHandler' driver.
INFO - 2024-02-25 17:19:21 --> Session: Class initialized using 'CodeIgniter\Session\Handlers\FileHandler' driver.
INFO - 2024-02-25 17:19:22 --> Session: Class initialized using 'CodeIgniter\Session\Handlers\FileHandler' driver.
INFO - 2024-02-25 17:19:59 --> Session: Class initialized using 'CodeIgniter\Session\Handlers\FileHandler' driver.
INFO - 2024-02-25 17:20:08 --> Session: Class initialized using 'CodeIgniter\Session\Handlers\FileHandler' driver.
INFO - 2024-02-25 17:20:08 --> Session: Class initialized using 'CodeIgniter\Session\Handlers\FileHandler' driver.
INFO - 2024-02-25 17:20:34 --> Session: Class initialized using 'CodeIgniter\Session\Handlers\FileHandler' driver.
INFO - 2024-02-25 17:20:35 --> Session: Class initialized using 'CodeIgniter\Session\Handlers\FileHandler' driver.
INFO - 2024-02-25 17:20:52 --> Session: Class initialized using 'CodeIgniter\Session\Handlers\FileHandler' driver.
INFO - 2024-02-25 17:21:00 --> Session: Class initialized using 'CodeIgniter\Session\Handlers\FileHandler' driver.
INFO - 2024-02-25 17:21:00 --> Session: Class initialized using 'CodeIgniter\Session\Handlers\FileHandler' driver.
INFO - 2024-02-25 17:21:09 --> Session: Class initialized using 'CodeIgniter\Session\Handlers\FileHandler' driver.
INFO - 2024-02-25 17:21:24 --> Session: Class initialized using 'CodeIgniter\Session\Handlers\FileHandler' driver.
CRITICAL - 2024-02-25 17:21:24 --> Error: Class "App\Models\ServiceModel" not found
in APPPATH\Controllers\BlogController.php on line 26.
 1 SYSTEMPATH\CodeIgniter.php(941): App\Controllers\BlogController->index()
 2 SYSTEMPATH\CodeIgniter.php(502): CodeIgniter\CodeIgniter->runController(Object(App\Controllers\BlogController))
 3 SYSTEMPATH\CodeIgniter.php(361): CodeIgniter\CodeIgniter->handleRequest(null, Object(Config\Cache), false)
 4 FCPATH\index.php(79): CodeIgniter\CodeIgniter->run()
 5 SYSTEMPATH\Commands\Server\rewrite.php(47): require_once('C:\\Users\\User\\Desktop\\codeigniterprojects\\aiist-dot-net\\public\\index.php')
INFO - 2024-02-25 17:21:31 --> Session: Class initialized using 'CodeIgniter\Session\Handlers\FileHandler' driver.
INFO - 2024-02-25 17:21:45 --> Session: Class initialized using 'CodeIgniter\Session\Handlers\FileHandler' driver.
INFO - 2024-02-25 17:22:09 --> Session: Class initialized using 'CodeIgniter\Session\Handlers\FileHandler' driver.
INFO - 2024-02-25 17:22:39 --> Session: Class initialized using 'CodeIgniter\Session\Handlers\FileHandler' driver.
INFO - 2024-02-25 17:22:50 --> Session: Class initialized using 'CodeIgniter\Session\Handlers\FileHandler' driver.
INFO - 2024-02-25 17:22:50 --> Session: Class initialized using 'CodeIgniter\Session\Handlers\FileHandler' driver.
INFO - 2024-02-25 17:23:06 --> Session: Class initialized using 'CodeIgniter\Session\Handlers\FileHandler' driver.
CRITICAL - 2024-02-25 17:23:06 --> Error: Class "App\Models\ServiceModel" not found
in APPPATH\Controllers\BlogController.php on line 26.
 1 SYSTEMPATH\CodeIgniter.php(941): App\Controllers\BlogController->index()
 2 SYSTEMPATH\CodeIgniter.php(502): CodeIgniter\CodeIgniter->runController(Object(App\Controllers\BlogController))
 3 SYSTEMPATH\CodeIgniter.php(361): CodeIgniter\CodeIgniter->handleRequest(null, Object(Config\Cache), false)
 4 FCPATH\index.php(79): CodeIgniter\CodeIgniter->run()
 5 SYSTEMPATH\Commands\Server\rewrite.php(47): require_once('C:\\Users\\User\\Desktop\\codeigniterprojects\\aiist-dot-net\\public\\index.php')
INFO - 2024-02-25 17:25:32 --> Session: Class initialized using 'CodeIgniter\Session\Handlers\FileHandler' driver.
CRITICAL - 2024-02-25 17:25:32 --> ErrorException: Undefined array key "serviceName"
in APPPATH\Views\dashboard\partials\forms\add_blog_post.php on line 33.
 1 APPPATH\Views\dashboard\partials\forms\add_blog_post.php(33): CodeIgniter\Debug\Exceptions->errorHandler(2, 'Undefined array key "serviceName"', 'C:\\Users\\User\\Desktop\\codeigniterprojects\\aiist-dot-net\\app\\Views\\dashboard\\partials\\forms\\add_blog_post.php', 33)
 2 APPPATH\Views\dashboard\blog.php(22): include('C:\\Users\\User\\Desktop\\codeigniterprojects\\aiist-dot-net\\app\\Views\\dashboard\\partials\\forms\\add_blog_post.php')
 3 SYSTEMPATH\View\View.php(228): include('C:\\Users\\User\\Desktop\\codeigniterprojects\\aiist-dot-net\\app\\Views\\dashboard\\blog.php')
 4 SYSTEMPATH\View\View.php(231): CodeIgniter\View\View->CodeIgniter\View\{closure}()
 5 SYSTEMPATH\Common.php(1178): CodeIgniter\View\View->render('dashboard/blog', [], true)
 6 APPPATH\Controllers\BlogController.php(109): view('dashboard/blog', [...])
 7 SYSTEMPATH\CodeIgniter.php(941): App\Controllers\BlogController->index()
 8 SYSTEMPATH\CodeIgniter.php(502): CodeIgniter\CodeIgniter->runController(Object(App\Controllers\BlogController))
 9 SYSTEMPATH\CodeIgniter.php(361): CodeIgniter\CodeIgniter->handleRequest(null, Object(Config\Cache), false)
10 FCPATH\index.php(79): CodeIgniter\CodeIgniter->run()
11 SYSTEMPATH\Commands\Server\rewrite.php(47): require_once('C:\\Users\\User\\Desktop\\codeigniterprojects\\aiist-dot-net\\public\\index.php')
INFO - 2024-02-25 17:27:43 --> Session: Class initialized using 'CodeIgniter\Session\Handlers\FileHandler' driver.
CRITICAL - 2024-02-25 17:27:43 --> ErrorException: Undefined array key "careerName"
in APPPATH\Views\dashboard\partials\forms\add_blog_post.php on line 33.
 1 APPPATH\Views\dashboard\partials\forms\add_blog_post.php(33): CodeIgniter\Debug\Exceptions->errorHandler(2, 'Undefined array key "careerName"', 'C:\\Users\\User\\Desktop\\codeigniterprojects\\aiist-dot-net\\app\\Views\\dashboard\\partials\\forms\\add_blog_post.php', 33)
 2 APPPATH\Views\dashboard\blog.php(22): include('C:\\Users\\User\\Desktop\\codeigniterprojects\\aiist-dot-net\\app\\Views\\dashboard\\partials\\forms\\add_blog_post.php')
 3 SYSTEMPATH\View\View.php(228): include('C:\\Users\\User\\Desktop\\codeigniterprojects\\aiist-dot-net\\app\\Views\\dashboard\\blog.php')
 4 SYSTEMPATH\View\View.php(231): CodeIgniter\View\View->CodeIgniter\View\{closure}()
 5 SYSTEMPATH\Common.php(1178): CodeIgniter\View\View->render('dashboard/blog', [], true)
 6 APPPATH\Controllers\BlogController.php(109): view('dashboard/blog', [...])
 7 SYSTEMPATH\CodeIgniter.php(941): App\Controllers\BlogController->index()
 8 SYSTEMPATH\CodeIgniter.php(502): CodeIgniter\CodeIgniter->runController(Object(App\Controllers\BlogController))
 9 SYSTEMPATH\CodeIgniter.php(361): CodeIgniter\CodeIgniter->handleRequest(null, Object(Config\Cache), false)
10 FCPATH\index.php(79): CodeIgniter\CodeIgniter->run()
11 SYSTEMPATH\Commands\Server\rewrite.php(47): require_once('C:\\Users\\User\\Desktop\\codeigniterprojects\\aiist-dot-net\\public\\index.php')
INFO - 2024-02-25 17:29:16 --> Session: Class initialized using 'CodeIgniter\Session\Handlers\FileHandler' driver.
INFO - 2024-02-25 17:30:28 --> Session: Class initialized using 'CodeIgniter\Session\Handlers\FileHandler' driver.
CRITICAL - 2024-02-25 17:30:28 --> ErrorException: Undefined array key "serviceName"
in APPPATH\Views\dashboard\partials\forms\edit_blog_form.php on line 32.
 1 APPPATH\Views\dashboard\partials\forms\edit_blog_form.php(32): CodeIgniter\Debug\Exceptions->errorHandler(2, 'Undefined array key "serviceName"', 'C:\\Users\\User\\Desktop\\codeigniterprojects\\aiist-dot-net\\app\\Views\\dashboard\\partials\\forms\\edit_blog_form.php', 32)
 2 APPPATH\Views\dashboard\edit_blog.php(14): include('C:\\Users\\User\\Desktop\\codeigniterprojects\\aiist-dot-net\\app\\Views\\dashboard\\partials\\forms\\edit_blog_form.php')
 3 SYSTEMPATH\View\View.php(228): include('C:\\Users\\User\\Desktop\\codeigniterprojects\\aiist-dot-net\\app\\Views\\dashboard\\edit_blog.php')
 4 SYSTEMPATH\View\View.php(231): CodeIgniter\View\View->CodeIgniter\View\{closure}()
 5 SYSTEMPATH\Common.php(1178): CodeIgniter\View\View->render('dashboard/edit_blog', [], true)
 6 APPPATH\Controllers\BlogController.php(230): view('dashboard/edit_blog', [...])
 7 SYSTEMPATH\CodeIgniter.php(941): App\Controllers\BlogController->edit('5')
 8 SYSTEMPATH\CodeIgniter.php(502): CodeIgniter\CodeIgniter->runController(Object(App\Controllers\BlogController))
 9 SYSTEMPATH\CodeIgniter.php(361): CodeIgniter\CodeIgniter->handleRequest(null, Object(Config\Cache), false)
10 FCPATH\index.php(79): CodeIgniter\CodeIgniter->run()
11 SYSTEMPATH\Commands\Server\rewrite.php(47): require_once('C:\\Users\\User\\Desktop\\codeigniterprojects\\aiist-dot-net\\public\\index.php')
INFO - 2024-02-25 17:31:33 --> Session: Class initialized using 'CodeIgniter\Session\Handlers\FileHandler' driver.
INFO - 2024-02-25 17:31:46 --> Session: Class initialized using 'CodeIgniter\Session\Handlers\FileHandler' driver.
INFO - 2024-02-25 17:31:47 --> Session: Class initialized using 'CodeIgniter\Session\Handlers\FileHandler' driver.
INFO - 2024-02-25 17:33:42 --> Session: Class initialized using 'CodeIgniter\Session\Handlers\FileHandler' driver.
INFO - 2024-02-25 17:33:42 --> Session: Class initialized using 'CodeIgniter\Session\Handlers\FileHandler' driver.
INFO - 2024-02-25 17:34:06 --> Session: Class initialized using 'CodeIgniter\Session\Handlers\FileHandler' driver.
INFO - 2024-02-25 17:34:17 --> Session: Class initialized using 'CodeIgniter\Session\Handlers\FileHandler' driver.
INFO - 2024-02-25 17:34:18 --> Session: Class initialized using 'CodeIgniter\Session\Handlers\FileHandler' driver.
INFO - 2024-02-25 17:38:14 --> Session: Class initialized using 'CodeIgniter\Session\Handlers\FileHandler' driver.
INFO - 2024-02-25 17:38:15 --> Session: Class initialized using 'CodeIgniter\Session\Handlers\FileHandler' driver.
INFO - 2024-02-25 17:38:31 --> Session: Class initialized using 'CodeIgniter\Session\Handlers\FileHandler' driver.
INFO - 2024-02-25 17:38:40 --> Session: Class initialized using 'CodeIgniter\Session\Handlers\FileHandler' driver.
INFO - 2024-02-25 17:38:41 --> Session: Class initialized using 'CodeIgniter\Session\Handlers\FileHandler' driver.
INFO - 2024-02-25 17:39:02 --> Session: Class initialized using 'CodeIgniter\Session\Handlers\FileHandler' driver.
CRITICAL - 2024-02-25 22:58:37 --> Error: Class "App\Controllers\careerModel" not found
in APPPATH\Controllers\PublicController.php on line 18.
 1 SYSTEMPATH\CodeIgniter.php(941): App\Controllers\PublicController->index()
 2 SYSTEMPATH\CodeIgniter.php(502): CodeIgniter\CodeIgniter->runController(Object(App\Controllers\PublicController))
 3 SYSTEMPATH\CodeIgniter.php(361): CodeIgniter\CodeIgniter->handleRequest(null, Object(Config\Cache), false)
 4 FCPATH\index.php(79): CodeIgniter\CodeIgniter->run()
 5 SYSTEMPATH\Commands\Server\rewrite.php(47): require_once('C:\\Users\\User\\Desktop\\codeigniterprojects\\aiist-dot-net\\public\\index.php')
CRITICAL - 2024-02-25 23:06:12 --> ErrorException: Undefined variable $total_courses
in APPPATH\Views\public\partials\career_path_home.php on line 21.
 1 APPPATH\Views\public\partials\career_path_home.php(21): CodeIgniter\Debug\Exceptions->errorHandler(2, 'Undefined variable $total_courses', 'C:\\Users\\User\\Desktop\\codeigniterprojects\\aiist-dot-net\\app\\Views\\public\\partials\\career_path_home.php', 21)
 2 APPPATH\Views\public\index.php(136): include('C:\\Users\\User\\Desktop\\codeigniterprojects\\aiist-dot-net\\app\\Views\\public\\partials\\career_path_home.php')
 3 SYSTEMPATH\View\View.php(228): include('C:\\Users\\User\\Desktop\\codeigniterprojects\\aiist-dot-net\\app\\Views\\public\\index.php')
 4 SYSTEMPATH\View\View.php(231): CodeIgniter\View\View->CodeIgniter\View\{closure}()
 5 SYSTEMPATH\Common.php(1178): CodeIgniter\View\View->render('public/index', [], true)
 6 APPPATH\Controllers\PublicController.php(33): view('public/index', [...])
 7 SYSTEMPATH\CodeIgniter.php(941): App\Controllers\PublicController->index()
 8 SYSTEMPATH\CodeIgniter.php(502): CodeIgniter\CodeIgniter->runController(Object(App\Controllers\PublicController))
 9 SYSTEMPATH\CodeIgniter.php(361): CodeIgniter\CodeIgniter->handleRequest(null, Object(Config\Cache), false)
10 FCPATH\index.php(79): CodeIgniter\CodeIgniter->run()
11 SYSTEMPATH\Commands\Server\rewrite.php(47): require_once('C:\\Users\\User\\Desktop\\codeigniterprojects\\aiist-dot-net\\public\\index.php')
INFO - 2024-02-25 23:40:13 --> Session: Class initialized using 'CodeIgniter\Session\Handlers\FileHandler' driver.
INFO - 2024-02-25 23:40:13 --> Session: Class initialized using 'CodeIgniter\Session\Handlers\FileHandler' driver.
INFO - 2024-02-25 23:40:42 --> Session: Class initialized using 'CodeIgniter\Session\Handlers\FileHandler' driver.
INFO - 2024-02-25 23:40:43 --> Session: Class initialized using 'CodeIgniter\Session\Handlers\FileHandler' driver.
INFO - 2024-02-25 23:41:00 --> Session: Class initialized using 'CodeIgniter\Session\Handlers\FileHandler' driver.
CRITICAL - 2024-02-25 23:41:36 --> Error: Class "App\Controllers\MenuModel" not found
in APPPATH\Controllers\PublicController.php on line 189.
 1 SYSTEMPATH\CodeIgniter.php(941): App\Controllers\PublicController->blog_details('5')
 2 SYSTEMPATH\CodeIgniter.php(502): CodeIgniter\CodeIgniter->runController(Object(App\Controllers\PublicController))
 3 SYSTEMPATH\CodeIgniter.php(361): CodeIgniter\CodeIgniter->handleRequest(null, Object(Config\Cache), false)
 4 FCPATH\index.php(79): CodeIgniter\CodeIgniter->run()
 5 SYSTEMPATH\Commands\Server\rewrite.php(47): require_once('C:\\Users\\User\\Desktop\\codeigniterprojects\\aiist-dot-net\\public\\index.php')
INFO - 2024-02-25 23:41:48 --> Session: Class initialized using 'CodeIgniter\Session\Handlers\FileHandler' driver.
INFO - 2024-02-25 23:42:02 --> Session: Class initialized using 'CodeIgniter\Session\Handlers\FileHandler' driver.
INFO - 2024-02-25 23:42:58 --> Session: Class initialized using 'CodeIgniter\Session\Handlers\FileHandler' driver.
INFO - 2024-02-25 23:43:00 --> Session: Class initialized using 'CodeIgniter\Session\Handlers\FileHandler' driver.
